<<<<<<< HEAD
The system is: Linux - 4.15.0-106-generic - x86_64
=======
<<<<<<< HEAD
The system is: Linux - 4.15.0-109-generic - x86_64
=======
The system is: Linux - 5.3.0-46-generic - x86_64
>>>>>>> 45e1acd2736c028c298f8e5d211c6d237e640bf0
>>>>>>> b5f746b2c035719c9829dba341c0b9f80a0470c2
Compiling the C compiler identification source file "CMakeCCompilerId.c" succeeded.
Compiler: /usr/bin/cc 
Build flags: 
Id flags:  

The output was:
0


Compilation of the C compiler identification source "CMakeCCompilerId.c" produced "a.out"

<<<<<<< HEAD
The C compiler identification is GNU, found in "/home/galgoczi/cubesat/Bck_4.10.6/build/CMakeFiles/3.10.2/CompilerIdC/a.out"
=======
The C compiler identification is GNU, found in "/home/galgoczi/cubesat/szimulacio/Bck_4.10.6/build/CMakeFiles/3.10.2/CompilerIdC/a.out"
>>>>>>> 45e1acd2736c028c298f8e5d211c6d237e640bf0

Compiling the CXX compiler identification source file "CMakeCXXCompilerId.cpp" succeeded.
Compiler: /usr/bin/c++ 
Build flags: 
Id flags:  

The output was:
0


Compilation of the CXX compiler identification source "CMakeCXXCompilerId.cpp" produced "a.out"

<<<<<<< HEAD
The CXX compiler identification is GNU, found in "/home/galgoczi/cubesat/Bck_4.10.6/build/CMakeFiles/3.10.2/CompilerIdCXX/a.out"
=======
The CXX compiler identification is GNU, found in "/home/galgoczi/cubesat/szimulacio/Bck_4.10.6/build/CMakeFiles/3.10.2/CompilerIdCXX/a.out"
>>>>>>> 45e1acd2736c028c298f8e5d211c6d237e640bf0

Determining if the C compiler works passed with the following output:
Change Dir: /home/galgoczi/cubesat/szimulacio/Bck_4.10.6/build/CMakeFiles/CMakeTmp

<<<<<<< HEAD
Run Build Command:"/usr/bin/make" "cmTC_d6a9d/fast"
/usr/bin/make -f CMakeFiles/cmTC_d6a9d.dir/build.make CMakeFiles/cmTC_d6a9d.dir/build
=======
<<<<<<< HEAD
Run Build Command:"/usr/bin/make" "cmTC_1d682/fast"
/usr/bin/make -f CMakeFiles/cmTC_1d682.dir/build.make CMakeFiles/cmTC_1d682.dir/build
make[1]: Entering directory '/home/galgoczi/cubesat/Bck_4.10.6/build/CMakeFiles/CMakeTmp'
Building C object CMakeFiles/cmTC_1d682.dir/testCCompiler.c.o
/usr/bin/cc    -o CMakeFiles/cmTC_1d682.dir/testCCompiler.c.o   -c /home/galgoczi/cubesat/Bck_4.10.6/build/CMakeFiles/CMakeTmp/testCCompiler.c
Linking C executable cmTC_1d682
/usr/bin/cmake -E cmake_link_script CMakeFiles/cmTC_1d682.dir/link.txt --verbose=1
/usr/bin/cc      -rdynamic CMakeFiles/cmTC_1d682.dir/testCCompiler.c.o  -o cmTC_1d682 
make[1]: Leaving directory '/home/galgoczi/cubesat/Bck_4.10.6/build/CMakeFiles/CMakeTmp'


Detecting C compiler ABI info compiled with the following output:
Change Dir: /home/galgoczi/cubesat/Bck_4.10.6/build/CMakeFiles/CMakeTmp

Run Build Command:"/usr/bin/make" "cmTC_21016/fast"
/usr/bin/make -f CMakeFiles/cmTC_21016.dir/build.make CMakeFiles/cmTC_21016.dir/build
make[1]: Entering directory '/home/galgoczi/cubesat/Bck_4.10.6/build/CMakeFiles/CMakeTmp'
Building C object CMakeFiles/cmTC_21016.dir/CMakeCCompilerABI.c.o
/usr/bin/cc    -o CMakeFiles/cmTC_21016.dir/CMakeCCompilerABI.c.o   -c /usr/share/cmake-3.10/Modules/CMakeCCompilerABI.c
Linking C executable cmTC_21016
/usr/bin/cmake -E cmake_link_script CMakeFiles/cmTC_21016.dir/link.txt --verbose=1
/usr/bin/cc     -v -rdynamic CMakeFiles/cmTC_21016.dir/CMakeCCompilerABI.c.o  -o cmTC_21016 
=======
Run Build Command:"/usr/bin/make" "cmTC_b1dd5/fast"
/usr/bin/make -f CMakeFiles/cmTC_b1dd5.dir/build.make CMakeFiles/cmTC_b1dd5.dir/build
>>>>>>> b5f746b2c035719c9829dba341c0b9f80a0470c2
make[1]: Entering directory '/home/galgoczi/cubesat/szimulacio/Bck_4.10.6/build/CMakeFiles/CMakeTmp'
Building C object CMakeFiles/cmTC_d6a9d.dir/testCCompiler.c.o
/usr/bin/cc    -o CMakeFiles/cmTC_d6a9d.dir/testCCompiler.c.o   -c /home/galgoczi/cubesat/szimulacio/Bck_4.10.6/build/CMakeFiles/CMakeTmp/testCCompiler.c
Linking C executable cmTC_d6a9d
/usr/bin/cmake -E cmake_link_script CMakeFiles/cmTC_d6a9d.dir/link.txt --verbose=1
/usr/bin/cc      -rdynamic CMakeFiles/cmTC_d6a9d.dir/testCCompiler.c.o  -o cmTC_d6a9d 
make[1]: Leaving directory '/home/galgoczi/cubesat/szimulacio/Bck_4.10.6/build/CMakeFiles/CMakeTmp'


Detecting C compiler ABI info compiled with the following output:
Change Dir: /home/galgoczi/cubesat/szimulacio/Bck_4.10.6/build/CMakeFiles/CMakeTmp

Run Build Command:"/usr/bin/make" "cmTC_b8d1f/fast"
/usr/bin/make -f CMakeFiles/cmTC_b8d1f.dir/build.make CMakeFiles/cmTC_b8d1f.dir/build
make[1]: Entering directory '/home/galgoczi/cubesat/szimulacio/Bck_4.10.6/build/CMakeFiles/CMakeTmp'
<<<<<<< HEAD
Building C object CMakeFiles/cmTC_b8d1f.dir/CMakeCCompilerABI.c.o
/usr/bin/cc    -o CMakeFiles/cmTC_b8d1f.dir/CMakeCCompilerABI.c.o   -c /usr/share/cmake-3.10/Modules/CMakeCCompilerABI.c
Linking C executable cmTC_b8d1f
/usr/bin/cmake -E cmake_link_script CMakeFiles/cmTC_b8d1f.dir/link.txt --verbose=1
/usr/bin/cc     -v -rdynamic CMakeFiles/cmTC_b8d1f.dir/CMakeCCompilerABI.c.o  -o cmTC_b8d1f 
=======
Building C object CMakeFiles/cmTC_8ed27.dir/CMakeCCompilerABI.c.o
/usr/bin/cc    -o CMakeFiles/cmTC_8ed27.dir/CMakeCCompilerABI.c.o   -c /usr/share/cmake-3.10/Modules/CMakeCCompilerABI.c
Linking C executable cmTC_8ed27
/usr/bin/cmake -E cmake_link_script CMakeFiles/cmTC_8ed27.dir/link.txt --verbose=1
/usr/bin/cc     -v -rdynamic CMakeFiles/cmTC_8ed27.dir/CMakeCCompilerABI.c.o  -o cmTC_8ed27 
>>>>>>> 45e1acd2736c028c298f8e5d211c6d237e640bf0
>>>>>>> b5f746b2c035719c9829dba341c0b9f80a0470c2
Using built-in specs.
COLLECT_GCC=/usr/bin/cc
COLLECT_LTO_WRAPPER=/usr/lib/gcc/x86_64-linux-gnu/7/lto-wrapper
OFFLOAD_TARGET_NAMES=nvptx-none
OFFLOAD_TARGET_DEFAULT=1
Target: x86_64-linux-gnu
Configured with: ../src/configure -v --with-pkgversion='Ubuntu 7.5.0-3ubuntu1~18.04' --with-bugurl=file:///usr/share/doc/gcc-7/README.Bugs --enable-languages=c,ada,c++,go,brig,d,fortran,objc,obj-c++ --prefix=/usr --with-gcc-major-version-only --program-suffix=-7 --program-prefix=x86_64-linux-gnu- --enable-shared --enable-linker-build-id --libexecdir=/usr/lib --without-included-gettext --enable-threads=posix --libdir=/usr/lib --enable-nls --enable-bootstrap --enable-clocale=gnu --enable-libstdcxx-debug --enable-libstdcxx-time=yes --with-default-libstdcxx-abi=new --enable-gnu-unique-object --disable-vtable-verify --enable-libmpx --enable-plugin --enable-default-pie --with-system-zlib --with-target-system-zlib --enable-objc-gc=auto --enable-multiarch --disable-werror --with-arch-32=i686 --with-abi=m64 --with-multilib-list=m32,m64,mx32 --enable-multilib --with-tune=generic --enable-offload-targets=nvptx-none --without-cuda-driver --enable-checking=release --build=x86_64-linux-gnu --host=x86_64-linux-gnu --target=x86_64-linux-gnu
Thread model: posix
gcc version 7.5.0 (Ubuntu 7.5.0-3ubuntu1~18.04) 
COMPILER_PATH=/usr/lib/gcc/x86_64-linux-gnu/7/:/usr/lib/gcc/x86_64-linux-gnu/7/:/usr/lib/gcc/x86_64-linux-gnu/:/usr/lib/gcc/x86_64-linux-gnu/7/:/usr/lib/gcc/x86_64-linux-gnu/
LIBRARY_PATH=/usr/lib/gcc/x86_64-linux-gnu/7/:/usr/lib/gcc/x86_64-linux-gnu/7/../../../x86_64-linux-gnu/:/usr/lib/gcc/x86_64-linux-gnu/7/../../../../lib/:/lib/x86_64-linux-gnu/:/lib/../lib/:/usr/lib/x86_64-linux-gnu/:/usr/lib/../lib/:/usr/lib/gcc/x86_64-linux-gnu/7/../../../:/lib/:/usr/lib/
<<<<<<< HEAD
COLLECT_GCC_OPTIONS='-v' '-rdynamic' '-o' 'cmTC_b8d1f' '-mtune=generic' '-march=x86-64'
 /usr/lib/gcc/x86_64-linux-gnu/7/collect2 -plugin /usr/lib/gcc/x86_64-linux-gnu/7/liblto_plugin.so -plugin-opt=/usr/lib/gcc/x86_64-linux-gnu/7/lto-wrapper -plugin-opt=-fresolution=/tmp/cc1xPrwd.res -plugin-opt=-pass-through=-lgcc -plugin-opt=-pass-through=-lgcc_s -plugin-opt=-pass-through=-lc -plugin-opt=-pass-through=-lgcc -plugin-opt=-pass-through=-lgcc_s --build-id --eh-frame-hdr -m elf_x86_64 --hash-style=gnu --as-needed -export-dynamic -dynamic-linker /lib64/ld-linux-x86-64.so.2 -pie -z now -z relro -o cmTC_b8d1f /usr/lib/gcc/x86_64-linux-gnu/7/../../../x86_64-linux-gnu/Scrt1.o /usr/lib/gcc/x86_64-linux-gnu/7/../../../x86_64-linux-gnu/crti.o /usr/lib/gcc/x86_64-linux-gnu/7/crtbeginS.o -L/usr/lib/gcc/x86_64-linux-gnu/7 -L/usr/lib/gcc/x86_64-linux-gnu/7/../../../x86_64-linux-gnu -L/usr/lib/gcc/x86_64-linux-gnu/7/../../../../lib -L/lib/x86_64-linux-gnu -L/lib/../lib -L/usr/lib/x86_64-linux-gnu -L/usr/lib/../lib -L/usr/lib/gcc/x86_64-linux-gnu/7/../../.. CMakeFiles/cmTC_b8d1f.dir/CMakeCCompilerABI.c.o -lgcc --push-state --as-needed -lgcc_s --pop-state -lc -lgcc --push-state --as-needed -lgcc_s --pop-state /usr/lib/gcc/x86_64-linux-gnu/7/crtendS.o /usr/lib/gcc/x86_64-linux-gnu/7/../../../x86_64-linux-gnu/crtn.o
COLLECT_GCC_OPTIONS='-v' '-rdynamic' '-o' 'cmTC_b8d1f' '-mtune=generic' '-march=x86-64'
=======
<<<<<<< HEAD
COLLECT_GCC_OPTIONS='-v' '-rdynamic' '-o' 'cmTC_21016' '-mtune=generic' '-march=x86-64'
 /usr/lib/gcc/x86_64-linux-gnu/7/collect2 -plugin /usr/lib/gcc/x86_64-linux-gnu/7/liblto_plugin.so -plugin-opt=/usr/lib/gcc/x86_64-linux-gnu/7/lto-wrapper -plugin-opt=-fresolution=/tmp/cca2sOgz.res -plugin-opt=-pass-through=-lgcc -plugin-opt=-pass-through=-lgcc_s -plugin-opt=-pass-through=-lc -plugin-opt=-pass-through=-lgcc -plugin-opt=-pass-through=-lgcc_s --build-id --eh-frame-hdr -m elf_x86_64 --hash-style=gnu --as-needed -export-dynamic -dynamic-linker /lib64/ld-linux-x86-64.so.2 -pie -z now -z relro -o cmTC_21016 /usr/lib/gcc/x86_64-linux-gnu/7/../../../x86_64-linux-gnu/Scrt1.o /usr/lib/gcc/x86_64-linux-gnu/7/../../../x86_64-linux-gnu/crti.o /usr/lib/gcc/x86_64-linux-gnu/7/crtbeginS.o -L/usr/lib/gcc/x86_64-linux-gnu/7 -L/usr/lib/gcc/x86_64-linux-gnu/7/../../../x86_64-linux-gnu -L/usr/lib/gcc/x86_64-linux-gnu/7/../../../../lib -L/lib/x86_64-linux-gnu -L/lib/../lib -L/usr/lib/x86_64-linux-gnu -L/usr/lib/../lib -L/usr/lib/gcc/x86_64-linux-gnu/7/../../.. CMakeFiles/cmTC_21016.dir/CMakeCCompilerABI.c.o -lgcc --push-state --as-needed -lgcc_s --pop-state -lc -lgcc --push-state --as-needed -lgcc_s --pop-state /usr/lib/gcc/x86_64-linux-gnu/7/crtendS.o /usr/lib/gcc/x86_64-linux-gnu/7/../../../x86_64-linux-gnu/crtn.o
COLLECT_GCC_OPTIONS='-v' '-rdynamic' '-o' 'cmTC_21016' '-mtune=generic' '-march=x86-64'
make[1]: Leaving directory '/home/galgoczi/cubesat/Bck_4.10.6/build/CMakeFiles/CMakeTmp'
=======
COLLECT_GCC_OPTIONS='-v' '-rdynamic' '-o' 'cmTC_8ed27' '-mtune=generic' '-march=x86-64'
 /usr/lib/gcc/x86_64-linux-gnu/7/collect2 -plugin /usr/lib/gcc/x86_64-linux-gnu/7/liblto_plugin.so -plugin-opt=/usr/lib/gcc/x86_64-linux-gnu/7/lto-wrapper -plugin-opt=-fresolution=/tmp/ccWFDrPu.res -plugin-opt=-pass-through=-lgcc -plugin-opt=-pass-through=-lgcc_s -plugin-opt=-pass-through=-lc -plugin-opt=-pass-through=-lgcc -plugin-opt=-pass-through=-lgcc_s --build-id --eh-frame-hdr -m elf_x86_64 --hash-style=gnu --as-needed -export-dynamic -dynamic-linker /lib64/ld-linux-x86-64.so.2 -pie -z now -z relro -o cmTC_8ed27 /usr/lib/gcc/x86_64-linux-gnu/7/../../../x86_64-linux-gnu/Scrt1.o /usr/lib/gcc/x86_64-linux-gnu/7/../../../x86_64-linux-gnu/crti.o /usr/lib/gcc/x86_64-linux-gnu/7/crtbeginS.o -L/usr/lib/gcc/x86_64-linux-gnu/7 -L/usr/lib/gcc/x86_64-linux-gnu/7/../../../x86_64-linux-gnu -L/usr/lib/gcc/x86_64-linux-gnu/7/../../../../lib -L/lib/x86_64-linux-gnu -L/lib/../lib -L/usr/lib/x86_64-linux-gnu -L/usr/lib/../lib -L/usr/lib/gcc/x86_64-linux-gnu/7/../../.. CMakeFiles/cmTC_8ed27.dir/CMakeCCompilerABI.c.o -lgcc --push-state --as-needed -lgcc_s --pop-state -lc -lgcc --push-state --as-needed -lgcc_s --pop-state /usr/lib/gcc/x86_64-linux-gnu/7/crtendS.o /usr/lib/gcc/x86_64-linux-gnu/7/../../../x86_64-linux-gnu/crtn.o
COLLECT_GCC_OPTIONS='-v' '-rdynamic' '-o' 'cmTC_8ed27' '-mtune=generic' '-march=x86-64'
>>>>>>> b5f746b2c035719c9829dba341c0b9f80a0470c2
make[1]: Leaving directory '/home/galgoczi/cubesat/szimulacio/Bck_4.10.6/build/CMakeFiles/CMakeTmp'
>>>>>>> 45e1acd2736c028c298f8e5d211c6d237e640bf0


Parsed C implicit link information from above output:
  link line regex: [^( *|.*[/\])(ld|CMAKE_LINK_STARTFILE-NOTFOUND|([^/\]+-)?ld|collect2)[^/\]*( |$)]
  ignore line: [Change Dir: /home/galgoczi/cubesat/szimulacio/Bck_4.10.6/build/CMakeFiles/CMakeTmp]
  ignore line: []
<<<<<<< HEAD
  ignore line: [Run Build Command:"/usr/bin/make" "cmTC_b8d1f/fast"]
  ignore line: [/usr/bin/make -f CMakeFiles/cmTC_b8d1f.dir/build.make CMakeFiles/cmTC_b8d1f.dir/build]
  ignore line: [make[1]: Entering directory '/home/galgoczi/cubesat/szimulacio/Bck_4.10.6/build/CMakeFiles/CMakeTmp']
  ignore line: [Building C object CMakeFiles/cmTC_b8d1f.dir/CMakeCCompilerABI.c.o]
  ignore line: [/usr/bin/cc    -o CMakeFiles/cmTC_b8d1f.dir/CMakeCCompilerABI.c.o   -c /usr/share/cmake-3.10/Modules/CMakeCCompilerABI.c]
  ignore line: [Linking C executable cmTC_b8d1f]
  ignore line: [/usr/bin/cmake -E cmake_link_script CMakeFiles/cmTC_b8d1f.dir/link.txt --verbose=1]
  ignore line: [/usr/bin/cc     -v -rdynamic CMakeFiles/cmTC_b8d1f.dir/CMakeCCompilerABI.c.o  -o cmTC_b8d1f ]
=======
<<<<<<< HEAD
  ignore line: [Run Build Command:"/usr/bin/make" "cmTC_21016/fast"]
  ignore line: [/usr/bin/make -f CMakeFiles/cmTC_21016.dir/build.make CMakeFiles/cmTC_21016.dir/build]
  ignore line: [make[1]: Entering directory '/home/galgoczi/cubesat/Bck_4.10.6/build/CMakeFiles/CMakeTmp']
  ignore line: [Building C object CMakeFiles/cmTC_21016.dir/CMakeCCompilerABI.c.o]
  ignore line: [/usr/bin/cc    -o CMakeFiles/cmTC_21016.dir/CMakeCCompilerABI.c.o   -c /usr/share/cmake-3.10/Modules/CMakeCCompilerABI.c]
  ignore line: [Linking C executable cmTC_21016]
  ignore line: [/usr/bin/cmake -E cmake_link_script CMakeFiles/cmTC_21016.dir/link.txt --verbose=1]
  ignore line: [/usr/bin/cc     -v -rdynamic CMakeFiles/cmTC_21016.dir/CMakeCCompilerABI.c.o  -o cmTC_21016 ]
=======
  ignore line: [Run Build Command:"/usr/bin/make" "cmTC_8ed27/fast"]
  ignore line: [/usr/bin/make -f CMakeFiles/cmTC_8ed27.dir/build.make CMakeFiles/cmTC_8ed27.dir/build]
  ignore line: [make[1]: Entering directory '/home/galgoczi/cubesat/szimulacio/Bck_4.10.6/build/CMakeFiles/CMakeTmp']
  ignore line: [Building C object CMakeFiles/cmTC_8ed27.dir/CMakeCCompilerABI.c.o]
  ignore line: [/usr/bin/cc    -o CMakeFiles/cmTC_8ed27.dir/CMakeCCompilerABI.c.o   -c /usr/share/cmake-3.10/Modules/CMakeCCompilerABI.c]
  ignore line: [Linking C executable cmTC_8ed27]
  ignore line: [/usr/bin/cmake -E cmake_link_script CMakeFiles/cmTC_8ed27.dir/link.txt --verbose=1]
  ignore line: [/usr/bin/cc     -v -rdynamic CMakeFiles/cmTC_8ed27.dir/CMakeCCompilerABI.c.o  -o cmTC_8ed27 ]
>>>>>>> 45e1acd2736c028c298f8e5d211c6d237e640bf0
>>>>>>> b5f746b2c035719c9829dba341c0b9f80a0470c2
  ignore line: [Using built-in specs.]
  ignore line: [COLLECT_GCC=/usr/bin/cc]
  ignore line: [COLLECT_LTO_WRAPPER=/usr/lib/gcc/x86_64-linux-gnu/7/lto-wrapper]
  ignore line: [OFFLOAD_TARGET_NAMES=nvptx-none]
  ignore line: [OFFLOAD_TARGET_DEFAULT=1]
  ignore line: [Target: x86_64-linux-gnu]
  ignore line: [Configured with: ../src/configure -v --with-pkgversion='Ubuntu 7.5.0-3ubuntu1~18.04' --with-bugurl=file:///usr/share/doc/gcc-7/README.Bugs --enable-languages=c,ada,c++,go,brig,d,fortran,objc,obj-c++ --prefix=/usr --with-gcc-major-version-only --program-suffix=-7 --program-prefix=x86_64-linux-gnu- --enable-shared --enable-linker-build-id --libexecdir=/usr/lib --without-included-gettext --enable-threads=posix --libdir=/usr/lib --enable-nls --enable-bootstrap --enable-clocale=gnu --enable-libstdcxx-debug --enable-libstdcxx-time=yes --with-default-libstdcxx-abi=new --enable-gnu-unique-object --disable-vtable-verify --enable-libmpx --enable-plugin --enable-default-pie --with-system-zlib --with-target-system-zlib --enable-objc-gc=auto --enable-multiarch --disable-werror --with-arch-32=i686 --with-abi=m64 --with-multilib-list=m32,m64,mx32 --enable-multilib --with-tune=generic --enable-offload-targets=nvptx-none --without-cuda-driver --enable-checking=release --build=x86_64-linux-gnu --host=x86_64-linux-gnu --target=x86_64-linux-gnu]
  ignore line: [Thread model: posix]
  ignore line: [gcc version 7.5.0 (Ubuntu 7.5.0-3ubuntu1~18.04) ]
  ignore line: [COMPILER_PATH=/usr/lib/gcc/x86_64-linux-gnu/7/:/usr/lib/gcc/x86_64-linux-gnu/7/:/usr/lib/gcc/x86_64-linux-gnu/:/usr/lib/gcc/x86_64-linux-gnu/7/:/usr/lib/gcc/x86_64-linux-gnu/]
  ignore line: [LIBRARY_PATH=/usr/lib/gcc/x86_64-linux-gnu/7/:/usr/lib/gcc/x86_64-linux-gnu/7/../../../x86_64-linux-gnu/:/usr/lib/gcc/x86_64-linux-gnu/7/../../../../lib/:/lib/x86_64-linux-gnu/:/lib/../lib/:/usr/lib/x86_64-linux-gnu/:/usr/lib/../lib/:/usr/lib/gcc/x86_64-linux-gnu/7/../../../:/lib/:/usr/lib/]
<<<<<<< HEAD
  ignore line: [COLLECT_GCC_OPTIONS='-v' '-rdynamic' '-o' 'cmTC_b8d1f' '-mtune=generic' '-march=x86-64']
  link line: [ /usr/lib/gcc/x86_64-linux-gnu/7/collect2 -plugin /usr/lib/gcc/x86_64-linux-gnu/7/liblto_plugin.so -plugin-opt=/usr/lib/gcc/x86_64-linux-gnu/7/lto-wrapper -plugin-opt=-fresolution=/tmp/cc1xPrwd.res -plugin-opt=-pass-through=-lgcc -plugin-opt=-pass-through=-lgcc_s -plugin-opt=-pass-through=-lc -plugin-opt=-pass-through=-lgcc -plugin-opt=-pass-through=-lgcc_s --build-id --eh-frame-hdr -m elf_x86_64 --hash-style=gnu --as-needed -export-dynamic -dynamic-linker /lib64/ld-linux-x86-64.so.2 -pie -z now -z relro -o cmTC_b8d1f /usr/lib/gcc/x86_64-linux-gnu/7/../../../x86_64-linux-gnu/Scrt1.o /usr/lib/gcc/x86_64-linux-gnu/7/../../../x86_64-linux-gnu/crti.o /usr/lib/gcc/x86_64-linux-gnu/7/crtbeginS.o -L/usr/lib/gcc/x86_64-linux-gnu/7 -L/usr/lib/gcc/x86_64-linux-gnu/7/../../../x86_64-linux-gnu -L/usr/lib/gcc/x86_64-linux-gnu/7/../../../../lib -L/lib/x86_64-linux-gnu -L/lib/../lib -L/usr/lib/x86_64-linux-gnu -L/usr/lib/../lib -L/usr/lib/gcc/x86_64-linux-gnu/7/../../.. CMakeFiles/cmTC_b8d1f.dir/CMakeCCompilerABI.c.o -lgcc --push-state --as-needed -lgcc_s --pop-state -lc -lgcc --push-state --as-needed -lgcc_s --pop-state /usr/lib/gcc/x86_64-linux-gnu/7/crtendS.o /usr/lib/gcc/x86_64-linux-gnu/7/../../../x86_64-linux-gnu/crtn.o]
=======
<<<<<<< HEAD
  ignore line: [COLLECT_GCC_OPTIONS='-v' '-rdynamic' '-o' 'cmTC_21016' '-mtune=generic' '-march=x86-64']
  link line: [ /usr/lib/gcc/x86_64-linux-gnu/7/collect2 -plugin /usr/lib/gcc/x86_64-linux-gnu/7/liblto_plugin.so -plugin-opt=/usr/lib/gcc/x86_64-linux-gnu/7/lto-wrapper -plugin-opt=-fresolution=/tmp/cca2sOgz.res -plugin-opt=-pass-through=-lgcc -plugin-opt=-pass-through=-lgcc_s -plugin-opt=-pass-through=-lc -plugin-opt=-pass-through=-lgcc -plugin-opt=-pass-through=-lgcc_s --build-id --eh-frame-hdr -m elf_x86_64 --hash-style=gnu --as-needed -export-dynamic -dynamic-linker /lib64/ld-linux-x86-64.so.2 -pie -z now -z relro -o cmTC_21016 /usr/lib/gcc/x86_64-linux-gnu/7/../../../x86_64-linux-gnu/Scrt1.o /usr/lib/gcc/x86_64-linux-gnu/7/../../../x86_64-linux-gnu/crti.o /usr/lib/gcc/x86_64-linux-gnu/7/crtbeginS.o -L/usr/lib/gcc/x86_64-linux-gnu/7 -L/usr/lib/gcc/x86_64-linux-gnu/7/../../../x86_64-linux-gnu -L/usr/lib/gcc/x86_64-linux-gnu/7/../../../../lib -L/lib/x86_64-linux-gnu -L/lib/../lib -L/usr/lib/x86_64-linux-gnu -L/usr/lib/../lib -L/usr/lib/gcc/x86_64-linux-gnu/7/../../.. CMakeFiles/cmTC_21016.dir/CMakeCCompilerABI.c.o -lgcc --push-state --as-needed -lgcc_s --pop-state -lc -lgcc --push-state --as-needed -lgcc_s --pop-state /usr/lib/gcc/x86_64-linux-gnu/7/crtendS.o /usr/lib/gcc/x86_64-linux-gnu/7/../../../x86_64-linux-gnu/crtn.o]
=======
  ignore line: [COLLECT_GCC_OPTIONS='-v' '-rdynamic' '-o' 'cmTC_8ed27' '-mtune=generic' '-march=x86-64']
  link line: [ /usr/lib/gcc/x86_64-linux-gnu/7/collect2 -plugin /usr/lib/gcc/x86_64-linux-gnu/7/liblto_plugin.so -plugin-opt=/usr/lib/gcc/x86_64-linux-gnu/7/lto-wrapper -plugin-opt=-fresolution=/tmp/ccWFDrPu.res -plugin-opt=-pass-through=-lgcc -plugin-opt=-pass-through=-lgcc_s -plugin-opt=-pass-through=-lc -plugin-opt=-pass-through=-lgcc -plugin-opt=-pass-through=-lgcc_s --build-id --eh-frame-hdr -m elf_x86_64 --hash-style=gnu --as-needed -export-dynamic -dynamic-linker /lib64/ld-linux-x86-64.so.2 -pie -z now -z relro -o cmTC_8ed27 /usr/lib/gcc/x86_64-linux-gnu/7/../../../x86_64-linux-gnu/Scrt1.o /usr/lib/gcc/x86_64-linux-gnu/7/../../../x86_64-linux-gnu/crti.o /usr/lib/gcc/x86_64-linux-gnu/7/crtbeginS.o -L/usr/lib/gcc/x86_64-linux-gnu/7 -L/usr/lib/gcc/x86_64-linux-gnu/7/../../../x86_64-linux-gnu -L/usr/lib/gcc/x86_64-linux-gnu/7/../../../../lib -L/lib/x86_64-linux-gnu -L/lib/../lib -L/usr/lib/x86_64-linux-gnu -L/usr/lib/../lib -L/usr/lib/gcc/x86_64-linux-gnu/7/../../.. CMakeFiles/cmTC_8ed27.dir/CMakeCCompilerABI.c.o -lgcc --push-state --as-needed -lgcc_s --pop-state -lc -lgcc --push-state --as-needed -lgcc_s --pop-state /usr/lib/gcc/x86_64-linux-gnu/7/crtendS.o /usr/lib/gcc/x86_64-linux-gnu/7/../../../x86_64-linux-gnu/crtn.o]
>>>>>>> 45e1acd2736c028c298f8e5d211c6d237e640bf0
>>>>>>> b5f746b2c035719c9829dba341c0b9f80a0470c2
    arg [/usr/lib/gcc/x86_64-linux-gnu/7/collect2] ==> ignore
    arg [-plugin] ==> ignore
    arg [/usr/lib/gcc/x86_64-linux-gnu/7/liblto_plugin.so] ==> ignore
    arg [-plugin-opt=/usr/lib/gcc/x86_64-linux-gnu/7/lto-wrapper] ==> ignore
<<<<<<< HEAD
    arg [-plugin-opt=-fresolution=/tmp/cc1xPrwd.res] ==> ignore
=======
<<<<<<< HEAD
    arg [-plugin-opt=-fresolution=/tmp/cca2sOgz.res] ==> ignore
=======
    arg [-plugin-opt=-fresolution=/tmp/ccWFDrPu.res] ==> ignore
>>>>>>> 45e1acd2736c028c298f8e5d211c6d237e640bf0
>>>>>>> b5f746b2c035719c9829dba341c0b9f80a0470c2
    arg [-plugin-opt=-pass-through=-lgcc] ==> ignore
    arg [-plugin-opt=-pass-through=-lgcc_s] ==> ignore
    arg [-plugin-opt=-pass-through=-lc] ==> ignore
    arg [-plugin-opt=-pass-through=-lgcc] ==> ignore
    arg [-plugin-opt=-pass-through=-lgcc_s] ==> ignore
    arg [--build-id] ==> ignore
    arg [--eh-frame-hdr] ==> ignore
    arg [-m] ==> ignore
    arg [elf_x86_64] ==> ignore
    arg [--hash-style=gnu] ==> ignore
    arg [--as-needed] ==> ignore
    arg [-export-dynamic] ==> ignore
    arg [-dynamic-linker] ==> ignore
    arg [/lib64/ld-linux-x86-64.so.2] ==> ignore
    arg [-pie] ==> ignore
    arg [-znow] ==> ignore
    arg [-zrelro] ==> ignore
    arg [-o] ==> ignore
<<<<<<< HEAD
    arg [cmTC_b8d1f] ==> ignore
=======
<<<<<<< HEAD
    arg [cmTC_21016] ==> ignore
=======
    arg [cmTC_8ed27] ==> ignore
>>>>>>> 45e1acd2736c028c298f8e5d211c6d237e640bf0
>>>>>>> b5f746b2c035719c9829dba341c0b9f80a0470c2
    arg [/usr/lib/gcc/x86_64-linux-gnu/7/../../../x86_64-linux-gnu/Scrt1.o] ==> ignore
    arg [/usr/lib/gcc/x86_64-linux-gnu/7/../../../x86_64-linux-gnu/crti.o] ==> ignore
    arg [/usr/lib/gcc/x86_64-linux-gnu/7/crtbeginS.o] ==> ignore
    arg [-L/usr/lib/gcc/x86_64-linux-gnu/7] ==> dir [/usr/lib/gcc/x86_64-linux-gnu/7]
    arg [-L/usr/lib/gcc/x86_64-linux-gnu/7/../../../x86_64-linux-gnu] ==> dir [/usr/lib/gcc/x86_64-linux-gnu/7/../../../x86_64-linux-gnu]
    arg [-L/usr/lib/gcc/x86_64-linux-gnu/7/../../../../lib] ==> dir [/usr/lib/gcc/x86_64-linux-gnu/7/../../../../lib]
    arg [-L/lib/x86_64-linux-gnu] ==> dir [/lib/x86_64-linux-gnu]
    arg [-L/lib/../lib] ==> dir [/lib/../lib]
    arg [-L/usr/lib/x86_64-linux-gnu] ==> dir [/usr/lib/x86_64-linux-gnu]
    arg [-L/usr/lib/../lib] ==> dir [/usr/lib/../lib]
    arg [-L/usr/lib/gcc/x86_64-linux-gnu/7/../../..] ==> dir [/usr/lib/gcc/x86_64-linux-gnu/7/../../..]
<<<<<<< HEAD
    arg [CMakeFiles/cmTC_b8d1f.dir/CMakeCCompilerABI.c.o] ==> ignore
=======
<<<<<<< HEAD
    arg [CMakeFiles/cmTC_21016.dir/CMakeCCompilerABI.c.o] ==> ignore
=======
    arg [CMakeFiles/cmTC_8ed27.dir/CMakeCCompilerABI.c.o] ==> ignore
>>>>>>> 45e1acd2736c028c298f8e5d211c6d237e640bf0
>>>>>>> b5f746b2c035719c9829dba341c0b9f80a0470c2
    arg [-lgcc] ==> lib [gcc]
    arg [--push-state] ==> ignore
    arg [--as-needed] ==> ignore
    arg [-lgcc_s] ==> lib [gcc_s]
    arg [--pop-state] ==> ignore
    arg [-lc] ==> lib [c]
    arg [-lgcc] ==> lib [gcc]
    arg [--push-state] ==> ignore
    arg [--as-needed] ==> ignore
    arg [-lgcc_s] ==> lib [gcc_s]
    arg [--pop-state] ==> ignore
    arg [/usr/lib/gcc/x86_64-linux-gnu/7/crtendS.o] ==> ignore
    arg [/usr/lib/gcc/x86_64-linux-gnu/7/../../../x86_64-linux-gnu/crtn.o] ==> ignore
  collapse library dir [/usr/lib/gcc/x86_64-linux-gnu/7] ==> [/usr/lib/gcc/x86_64-linux-gnu/7]
  collapse library dir [/usr/lib/gcc/x86_64-linux-gnu/7/../../../x86_64-linux-gnu] ==> [/usr/lib/x86_64-linux-gnu]
  collapse library dir [/usr/lib/gcc/x86_64-linux-gnu/7/../../../../lib] ==> [/usr/lib]
  collapse library dir [/lib/x86_64-linux-gnu] ==> [/lib/x86_64-linux-gnu]
  collapse library dir [/lib/../lib] ==> [/lib]
  collapse library dir [/usr/lib/x86_64-linux-gnu] ==> [/usr/lib/x86_64-linux-gnu]
  collapse library dir [/usr/lib/../lib] ==> [/usr/lib]
  collapse library dir [/usr/lib/gcc/x86_64-linux-gnu/7/../../..] ==> [/usr/lib]
  implicit libs: [gcc;gcc_s;c;gcc;gcc_s]
  implicit dirs: [/usr/lib/gcc/x86_64-linux-gnu/7;/usr/lib/x86_64-linux-gnu;/usr/lib;/lib/x86_64-linux-gnu;/lib]
  implicit fwks: []




Detecting C [-std=c11] compiler features compiled with the following output:
Change Dir: /home/galgoczi/cubesat/szimulacio/Bck_4.10.6/build/CMakeFiles/CMakeTmp

<<<<<<< HEAD
Run Build Command:"/usr/bin/make" "cmTC_ed7b6/fast"
/usr/bin/make -f CMakeFiles/cmTC_ed7b6.dir/build.make CMakeFiles/cmTC_ed7b6.dir/build
=======
<<<<<<< HEAD
Run Build Command:"/usr/bin/make" "cmTC_68e59/fast"
/usr/bin/make -f CMakeFiles/cmTC_68e59.dir/build.make CMakeFiles/cmTC_68e59.dir/build
make[1]: Entering directory '/home/galgoczi/cubesat/Bck_4.10.6/build/CMakeFiles/CMakeTmp'
Building C object CMakeFiles/cmTC_68e59.dir/feature_tests.c.o
/usr/bin/cc   -std=c11 -o CMakeFiles/cmTC_68e59.dir/feature_tests.c.o   -c /home/galgoczi/cubesat/Bck_4.10.6/build/CMakeFiles/feature_tests.c
Linking C executable cmTC_68e59
/usr/bin/cmake -E cmake_link_script CMakeFiles/cmTC_68e59.dir/link.txt --verbose=1
/usr/bin/cc      -rdynamic CMakeFiles/cmTC_68e59.dir/feature_tests.c.o  -o cmTC_68e59 
make[1]: Leaving directory '/home/galgoczi/cubesat/Bck_4.10.6/build/CMakeFiles/CMakeTmp'
=======
Run Build Command:"/usr/bin/make" "cmTC_5dd67/fast"
/usr/bin/make -f CMakeFiles/cmTC_5dd67.dir/build.make CMakeFiles/cmTC_5dd67.dir/build
>>>>>>> b5f746b2c035719c9829dba341c0b9f80a0470c2
make[1]: Entering directory '/home/galgoczi/cubesat/szimulacio/Bck_4.10.6/build/CMakeFiles/CMakeTmp'
Building C object CMakeFiles/cmTC_ed7b6.dir/feature_tests.c.o
/usr/bin/cc   -std=c11 -o CMakeFiles/cmTC_ed7b6.dir/feature_tests.c.o   -c /home/galgoczi/cubesat/szimulacio/Bck_4.10.6/build/CMakeFiles/feature_tests.c
Linking C executable cmTC_ed7b6
/usr/bin/cmake -E cmake_link_script CMakeFiles/cmTC_ed7b6.dir/link.txt --verbose=1
/usr/bin/cc      -rdynamic CMakeFiles/cmTC_ed7b6.dir/feature_tests.c.o  -o cmTC_ed7b6 
make[1]: Leaving directory '/home/galgoczi/cubesat/szimulacio/Bck_4.10.6/build/CMakeFiles/CMakeTmp'
>>>>>>> 45e1acd2736c028c298f8e5d211c6d237e640bf0


    Feature record: C_FEATURE:1c_function_prototypes
    Feature record: C_FEATURE:1c_restrict
    Feature record: C_FEATURE:1c_static_assert
    Feature record: C_FEATURE:1c_variadic_macros


Detecting C [-std=c99] compiler features compiled with the following output:
Change Dir: /home/galgoczi/cubesat/szimulacio/Bck_4.10.6/build/CMakeFiles/CMakeTmp

<<<<<<< HEAD
Run Build Command:"/usr/bin/make" "cmTC_83a07/fast"
/usr/bin/make -f CMakeFiles/cmTC_83a07.dir/build.make CMakeFiles/cmTC_83a07.dir/build
=======
<<<<<<< HEAD
Run Build Command:"/usr/bin/make" "cmTC_71aa4/fast"
/usr/bin/make -f CMakeFiles/cmTC_71aa4.dir/build.make CMakeFiles/cmTC_71aa4.dir/build
make[1]: Entering directory '/home/galgoczi/cubesat/Bck_4.10.6/build/CMakeFiles/CMakeTmp'
Building C object CMakeFiles/cmTC_71aa4.dir/feature_tests.c.o
/usr/bin/cc   -std=c99 -o CMakeFiles/cmTC_71aa4.dir/feature_tests.c.o   -c /home/galgoczi/cubesat/Bck_4.10.6/build/CMakeFiles/feature_tests.c
Linking C executable cmTC_71aa4
/usr/bin/cmake -E cmake_link_script CMakeFiles/cmTC_71aa4.dir/link.txt --verbose=1
/usr/bin/cc      -rdynamic CMakeFiles/cmTC_71aa4.dir/feature_tests.c.o  -o cmTC_71aa4 
make[1]: Leaving directory '/home/galgoczi/cubesat/Bck_4.10.6/build/CMakeFiles/CMakeTmp'
=======
Run Build Command:"/usr/bin/make" "cmTC_f02c9/fast"
/usr/bin/make -f CMakeFiles/cmTC_f02c9.dir/build.make CMakeFiles/cmTC_f02c9.dir/build
>>>>>>> b5f746b2c035719c9829dba341c0b9f80a0470c2
make[1]: Entering directory '/home/galgoczi/cubesat/szimulacio/Bck_4.10.6/build/CMakeFiles/CMakeTmp'
Building C object CMakeFiles/cmTC_83a07.dir/feature_tests.c.o
/usr/bin/cc   -std=c99 -o CMakeFiles/cmTC_83a07.dir/feature_tests.c.o   -c /home/galgoczi/cubesat/szimulacio/Bck_4.10.6/build/CMakeFiles/feature_tests.c
Linking C executable cmTC_83a07
/usr/bin/cmake -E cmake_link_script CMakeFiles/cmTC_83a07.dir/link.txt --verbose=1
/usr/bin/cc      -rdynamic CMakeFiles/cmTC_83a07.dir/feature_tests.c.o  -o cmTC_83a07 
make[1]: Leaving directory '/home/galgoczi/cubesat/szimulacio/Bck_4.10.6/build/CMakeFiles/CMakeTmp'
>>>>>>> 45e1acd2736c028c298f8e5d211c6d237e640bf0


    Feature record: C_FEATURE:1c_function_prototypes
    Feature record: C_FEATURE:1c_restrict
    Feature record: C_FEATURE:0c_static_assert
    Feature record: C_FEATURE:1c_variadic_macros


Detecting C [-std=c90] compiler features compiled with the following output:
Change Dir: /home/galgoczi/cubesat/szimulacio/Bck_4.10.6/build/CMakeFiles/CMakeTmp

<<<<<<< HEAD
Run Build Command:"/usr/bin/make" "cmTC_c8423/fast"
/usr/bin/make -f CMakeFiles/cmTC_c8423.dir/build.make CMakeFiles/cmTC_c8423.dir/build
=======
<<<<<<< HEAD
Run Build Command:"/usr/bin/make" "cmTC_85bb8/fast"
/usr/bin/make -f CMakeFiles/cmTC_85bb8.dir/build.make CMakeFiles/cmTC_85bb8.dir/build
make[1]: Entering directory '/home/galgoczi/cubesat/Bck_4.10.6/build/CMakeFiles/CMakeTmp'
Building C object CMakeFiles/cmTC_85bb8.dir/feature_tests.c.o
/usr/bin/cc   -std=c90 -o CMakeFiles/cmTC_85bb8.dir/feature_tests.c.o   -c /home/galgoczi/cubesat/Bck_4.10.6/build/CMakeFiles/feature_tests.c
Linking C executable cmTC_85bb8
/usr/bin/cmake -E cmake_link_script CMakeFiles/cmTC_85bb8.dir/link.txt --verbose=1
/usr/bin/cc      -rdynamic CMakeFiles/cmTC_85bb8.dir/feature_tests.c.o  -o cmTC_85bb8 
make[1]: Leaving directory '/home/galgoczi/cubesat/Bck_4.10.6/build/CMakeFiles/CMakeTmp'
=======
Run Build Command:"/usr/bin/make" "cmTC_361b7/fast"
/usr/bin/make -f CMakeFiles/cmTC_361b7.dir/build.make CMakeFiles/cmTC_361b7.dir/build
>>>>>>> b5f746b2c035719c9829dba341c0b9f80a0470c2
make[1]: Entering directory '/home/galgoczi/cubesat/szimulacio/Bck_4.10.6/build/CMakeFiles/CMakeTmp'
Building C object CMakeFiles/cmTC_c8423.dir/feature_tests.c.o
/usr/bin/cc   -std=c90 -o CMakeFiles/cmTC_c8423.dir/feature_tests.c.o   -c /home/galgoczi/cubesat/szimulacio/Bck_4.10.6/build/CMakeFiles/feature_tests.c
Linking C executable cmTC_c8423
/usr/bin/cmake -E cmake_link_script CMakeFiles/cmTC_c8423.dir/link.txt --verbose=1
/usr/bin/cc      -rdynamic CMakeFiles/cmTC_c8423.dir/feature_tests.c.o  -o cmTC_c8423 
make[1]: Leaving directory '/home/galgoczi/cubesat/szimulacio/Bck_4.10.6/build/CMakeFiles/CMakeTmp'
>>>>>>> 45e1acd2736c028c298f8e5d211c6d237e640bf0


    Feature record: C_FEATURE:1c_function_prototypes
    Feature record: C_FEATURE:0c_restrict
    Feature record: C_FEATURE:0c_static_assert
    Feature record: C_FEATURE:0c_variadic_macros
Determining if the CXX compiler works passed with the following output:
Change Dir: /home/galgoczi/cubesat/szimulacio/Bck_4.10.6/build/CMakeFiles/CMakeTmp

<<<<<<< HEAD
Run Build Command:"/usr/bin/make" "cmTC_37c60/fast"
/usr/bin/make -f CMakeFiles/cmTC_37c60.dir/build.make CMakeFiles/cmTC_37c60.dir/build
=======
<<<<<<< HEAD
Run Build Command:"/usr/bin/make" "cmTC_3585c/fast"
/usr/bin/make -f CMakeFiles/cmTC_3585c.dir/build.make CMakeFiles/cmTC_3585c.dir/build
make[1]: Entering directory '/home/galgoczi/cubesat/Bck_4.10.6/build/CMakeFiles/CMakeTmp'
Building CXX object CMakeFiles/cmTC_3585c.dir/testCXXCompiler.cxx.o
/usr/bin/c++     -o CMakeFiles/cmTC_3585c.dir/testCXXCompiler.cxx.o -c /home/galgoczi/cubesat/Bck_4.10.6/build/CMakeFiles/CMakeTmp/testCXXCompiler.cxx
Linking CXX executable cmTC_3585c
/usr/bin/cmake -E cmake_link_script CMakeFiles/cmTC_3585c.dir/link.txt --verbose=1
/usr/bin/c++       -rdynamic CMakeFiles/cmTC_3585c.dir/testCXXCompiler.cxx.o  -o cmTC_3585c 
make[1]: Leaving directory '/home/galgoczi/cubesat/Bck_4.10.6/build/CMakeFiles/CMakeTmp'


Detecting CXX compiler ABI info compiled with the following output:
Change Dir: /home/galgoczi/cubesat/Bck_4.10.6/build/CMakeFiles/CMakeTmp

Run Build Command:"/usr/bin/make" "cmTC_acdb1/fast"
/usr/bin/make -f CMakeFiles/cmTC_acdb1.dir/build.make CMakeFiles/cmTC_acdb1.dir/build
make[1]: Entering directory '/home/galgoczi/cubesat/Bck_4.10.6/build/CMakeFiles/CMakeTmp'
Building CXX object CMakeFiles/cmTC_acdb1.dir/CMakeCXXCompilerABI.cpp.o
/usr/bin/c++     -o CMakeFiles/cmTC_acdb1.dir/CMakeCXXCompilerABI.cpp.o -c /usr/share/cmake-3.10/Modules/CMakeCXXCompilerABI.cpp
Linking CXX executable cmTC_acdb1
/usr/bin/cmake -E cmake_link_script CMakeFiles/cmTC_acdb1.dir/link.txt --verbose=1
/usr/bin/c++      -v -rdynamic CMakeFiles/cmTC_acdb1.dir/CMakeCXXCompilerABI.cpp.o  -o cmTC_acdb1 
=======
Run Build Command:"/usr/bin/make" "cmTC_53bd6/fast"
/usr/bin/make -f CMakeFiles/cmTC_53bd6.dir/build.make CMakeFiles/cmTC_53bd6.dir/build
>>>>>>> b5f746b2c035719c9829dba341c0b9f80a0470c2
make[1]: Entering directory '/home/galgoczi/cubesat/szimulacio/Bck_4.10.6/build/CMakeFiles/CMakeTmp'
Building CXX object CMakeFiles/cmTC_37c60.dir/testCXXCompiler.cxx.o
/usr/bin/c++     -o CMakeFiles/cmTC_37c60.dir/testCXXCompiler.cxx.o -c /home/galgoczi/cubesat/szimulacio/Bck_4.10.6/build/CMakeFiles/CMakeTmp/testCXXCompiler.cxx
Linking CXX executable cmTC_37c60
/usr/bin/cmake -E cmake_link_script CMakeFiles/cmTC_37c60.dir/link.txt --verbose=1
/usr/bin/c++       -rdynamic CMakeFiles/cmTC_37c60.dir/testCXXCompiler.cxx.o  -o cmTC_37c60 
make[1]: Leaving directory '/home/galgoczi/cubesat/szimulacio/Bck_4.10.6/build/CMakeFiles/CMakeTmp'


Detecting CXX compiler ABI info compiled with the following output:
Change Dir: /home/galgoczi/cubesat/szimulacio/Bck_4.10.6/build/CMakeFiles/CMakeTmp

Run Build Command:"/usr/bin/make" "cmTC_6e185/fast"
/usr/bin/make -f CMakeFiles/cmTC_6e185.dir/build.make CMakeFiles/cmTC_6e185.dir/build
make[1]: Entering directory '/home/galgoczi/cubesat/szimulacio/Bck_4.10.6/build/CMakeFiles/CMakeTmp'
<<<<<<< HEAD
Building CXX object CMakeFiles/cmTC_6e185.dir/CMakeCXXCompilerABI.cpp.o
/usr/bin/c++     -o CMakeFiles/cmTC_6e185.dir/CMakeCXXCompilerABI.cpp.o -c /usr/share/cmake-3.10/Modules/CMakeCXXCompilerABI.cpp
Linking CXX executable cmTC_6e185
/usr/bin/cmake -E cmake_link_script CMakeFiles/cmTC_6e185.dir/link.txt --verbose=1
/usr/bin/c++      -v -rdynamic CMakeFiles/cmTC_6e185.dir/CMakeCXXCompilerABI.cpp.o  -o cmTC_6e185 
=======
Building CXX object CMakeFiles/cmTC_f8f93.dir/CMakeCXXCompilerABI.cpp.o
/usr/bin/c++     -o CMakeFiles/cmTC_f8f93.dir/CMakeCXXCompilerABI.cpp.o -c /usr/share/cmake-3.10/Modules/CMakeCXXCompilerABI.cpp
Linking CXX executable cmTC_f8f93
/usr/bin/cmake -E cmake_link_script CMakeFiles/cmTC_f8f93.dir/link.txt --verbose=1
/usr/bin/c++      -v -rdynamic CMakeFiles/cmTC_f8f93.dir/CMakeCXXCompilerABI.cpp.o  -o cmTC_f8f93 
>>>>>>> 45e1acd2736c028c298f8e5d211c6d237e640bf0
>>>>>>> b5f746b2c035719c9829dba341c0b9f80a0470c2
Using built-in specs.
COLLECT_GCC=/usr/bin/c++
COLLECT_LTO_WRAPPER=/usr/lib/gcc/x86_64-linux-gnu/7/lto-wrapper
OFFLOAD_TARGET_NAMES=nvptx-none
OFFLOAD_TARGET_DEFAULT=1
Target: x86_64-linux-gnu
Configured with: ../src/configure -v --with-pkgversion='Ubuntu 7.5.0-3ubuntu1~18.04' --with-bugurl=file:///usr/share/doc/gcc-7/README.Bugs --enable-languages=c,ada,c++,go,brig,d,fortran,objc,obj-c++ --prefix=/usr --with-gcc-major-version-only --program-suffix=-7 --program-prefix=x86_64-linux-gnu- --enable-shared --enable-linker-build-id --libexecdir=/usr/lib --without-included-gettext --enable-threads=posix --libdir=/usr/lib --enable-nls --enable-bootstrap --enable-clocale=gnu --enable-libstdcxx-debug --enable-libstdcxx-time=yes --with-default-libstdcxx-abi=new --enable-gnu-unique-object --disable-vtable-verify --enable-libmpx --enable-plugin --enable-default-pie --with-system-zlib --with-target-system-zlib --enable-objc-gc=auto --enable-multiarch --disable-werror --with-arch-32=i686 --with-abi=m64 --with-multilib-list=m32,m64,mx32 --enable-multilib --with-tune=generic --enable-offload-targets=nvptx-none --without-cuda-driver --enable-checking=release --build=x86_64-linux-gnu --host=x86_64-linux-gnu --target=x86_64-linux-gnu
Thread model: posix
gcc version 7.5.0 (Ubuntu 7.5.0-3ubuntu1~18.04) 
COMPILER_PATH=/usr/lib/gcc/x86_64-linux-gnu/7/:/usr/lib/gcc/x86_64-linux-gnu/7/:/usr/lib/gcc/x86_64-linux-gnu/:/usr/lib/gcc/x86_64-linux-gnu/7/:/usr/lib/gcc/x86_64-linux-gnu/
LIBRARY_PATH=/usr/lib/gcc/x86_64-linux-gnu/7/:/usr/lib/gcc/x86_64-linux-gnu/7/../../../x86_64-linux-gnu/:/usr/lib/gcc/x86_64-linux-gnu/7/../../../../lib/:/lib/x86_64-linux-gnu/:/lib/../lib/:/usr/lib/x86_64-linux-gnu/:/usr/lib/../lib/:/usr/lib/gcc/x86_64-linux-gnu/7/../../../:/lib/:/usr/lib/
<<<<<<< HEAD
COLLECT_GCC_OPTIONS='-v' '-rdynamic' '-o' 'cmTC_6e185' '-shared-libgcc' '-mtune=generic' '-march=x86-64'
 /usr/lib/gcc/x86_64-linux-gnu/7/collect2 -plugin /usr/lib/gcc/x86_64-linux-gnu/7/liblto_plugin.so -plugin-opt=/usr/lib/gcc/x86_64-linux-gnu/7/lto-wrapper -plugin-opt=-fresolution=/tmp/ccSZyXsq.res -plugin-opt=-pass-through=-lgcc_s -plugin-opt=-pass-through=-lgcc -plugin-opt=-pass-through=-lc -plugin-opt=-pass-through=-lgcc_s -plugin-opt=-pass-through=-lgcc --build-id --eh-frame-hdr -m elf_x86_64 --hash-style=gnu --as-needed -export-dynamic -dynamic-linker /lib64/ld-linux-x86-64.so.2 -pie -z now -z relro -o cmTC_6e185 /usr/lib/gcc/x86_64-linux-gnu/7/../../../x86_64-linux-gnu/Scrt1.o /usr/lib/gcc/x86_64-linux-gnu/7/../../../x86_64-linux-gnu/crti.o /usr/lib/gcc/x86_64-linux-gnu/7/crtbeginS.o -L/usr/lib/gcc/x86_64-linux-gnu/7 -L/usr/lib/gcc/x86_64-linux-gnu/7/../../../x86_64-linux-gnu -L/usr/lib/gcc/x86_64-linux-gnu/7/../../../../lib -L/lib/x86_64-linux-gnu -L/lib/../lib -L/usr/lib/x86_64-linux-gnu -L/usr/lib/../lib -L/usr/lib/gcc/x86_64-linux-gnu/7/../../.. CMakeFiles/cmTC_6e185.dir/CMakeCXXCompilerABI.cpp.o -lstdc++ -lm -lgcc_s -lgcc -lc -lgcc_s -lgcc /usr/lib/gcc/x86_64-linux-gnu/7/crtendS.o /usr/lib/gcc/x86_64-linux-gnu/7/../../../x86_64-linux-gnu/crtn.o
COLLECT_GCC_OPTIONS='-v' '-rdynamic' '-o' 'cmTC_6e185' '-shared-libgcc' '-mtune=generic' '-march=x86-64'
=======
<<<<<<< HEAD
COLLECT_GCC_OPTIONS='-v' '-rdynamic' '-o' 'cmTC_acdb1' '-shared-libgcc' '-mtune=generic' '-march=x86-64'
 /usr/lib/gcc/x86_64-linux-gnu/7/collect2 -plugin /usr/lib/gcc/x86_64-linux-gnu/7/liblto_plugin.so -plugin-opt=/usr/lib/gcc/x86_64-linux-gnu/7/lto-wrapper -plugin-opt=-fresolution=/tmp/ccdeQbvU.res -plugin-opt=-pass-through=-lgcc_s -plugin-opt=-pass-through=-lgcc -plugin-opt=-pass-through=-lc -plugin-opt=-pass-through=-lgcc_s -plugin-opt=-pass-through=-lgcc --build-id --eh-frame-hdr -m elf_x86_64 --hash-style=gnu --as-needed -export-dynamic -dynamic-linker /lib64/ld-linux-x86-64.so.2 -pie -z now -z relro -o cmTC_acdb1 /usr/lib/gcc/x86_64-linux-gnu/7/../../../x86_64-linux-gnu/Scrt1.o /usr/lib/gcc/x86_64-linux-gnu/7/../../../x86_64-linux-gnu/crti.o /usr/lib/gcc/x86_64-linux-gnu/7/crtbeginS.o -L/usr/lib/gcc/x86_64-linux-gnu/7 -L/usr/lib/gcc/x86_64-linux-gnu/7/../../../x86_64-linux-gnu -L/usr/lib/gcc/x86_64-linux-gnu/7/../../../../lib -L/lib/x86_64-linux-gnu -L/lib/../lib -L/usr/lib/x86_64-linux-gnu -L/usr/lib/../lib -L/usr/lib/gcc/x86_64-linux-gnu/7/../../.. CMakeFiles/cmTC_acdb1.dir/CMakeCXXCompilerABI.cpp.o -lstdc++ -lm -lgcc_s -lgcc -lc -lgcc_s -lgcc /usr/lib/gcc/x86_64-linux-gnu/7/crtendS.o /usr/lib/gcc/x86_64-linux-gnu/7/../../../x86_64-linux-gnu/crtn.o
COLLECT_GCC_OPTIONS='-v' '-rdynamic' '-o' 'cmTC_acdb1' '-shared-libgcc' '-mtune=generic' '-march=x86-64'
make[1]: Leaving directory '/home/galgoczi/cubesat/Bck_4.10.6/build/CMakeFiles/CMakeTmp'
=======
COLLECT_GCC_OPTIONS='-v' '-rdynamic' '-o' 'cmTC_f8f93' '-shared-libgcc' '-mtune=generic' '-march=x86-64'
 /usr/lib/gcc/x86_64-linux-gnu/7/collect2 -plugin /usr/lib/gcc/x86_64-linux-gnu/7/liblto_plugin.so -plugin-opt=/usr/lib/gcc/x86_64-linux-gnu/7/lto-wrapper -plugin-opt=-fresolution=/tmp/cc5eS36Q.res -plugin-opt=-pass-through=-lgcc_s -plugin-opt=-pass-through=-lgcc -plugin-opt=-pass-through=-lc -plugin-opt=-pass-through=-lgcc_s -plugin-opt=-pass-through=-lgcc --build-id --eh-frame-hdr -m elf_x86_64 --hash-style=gnu --as-needed -export-dynamic -dynamic-linker /lib64/ld-linux-x86-64.so.2 -pie -z now -z relro -o cmTC_f8f93 /usr/lib/gcc/x86_64-linux-gnu/7/../../../x86_64-linux-gnu/Scrt1.o /usr/lib/gcc/x86_64-linux-gnu/7/../../../x86_64-linux-gnu/crti.o /usr/lib/gcc/x86_64-linux-gnu/7/crtbeginS.o -L/usr/lib/gcc/x86_64-linux-gnu/7 -L/usr/lib/gcc/x86_64-linux-gnu/7/../../../x86_64-linux-gnu -L/usr/lib/gcc/x86_64-linux-gnu/7/../../../../lib -L/lib/x86_64-linux-gnu -L/lib/../lib -L/usr/lib/x86_64-linux-gnu -L/usr/lib/../lib -L/usr/lib/gcc/x86_64-linux-gnu/7/../../.. CMakeFiles/cmTC_f8f93.dir/CMakeCXXCompilerABI.cpp.o -lstdc++ -lm -lgcc_s -lgcc -lc -lgcc_s -lgcc /usr/lib/gcc/x86_64-linux-gnu/7/crtendS.o /usr/lib/gcc/x86_64-linux-gnu/7/../../../x86_64-linux-gnu/crtn.o
COLLECT_GCC_OPTIONS='-v' '-rdynamic' '-o' 'cmTC_f8f93' '-shared-libgcc' '-mtune=generic' '-march=x86-64'
>>>>>>> b5f746b2c035719c9829dba341c0b9f80a0470c2
make[1]: Leaving directory '/home/galgoczi/cubesat/szimulacio/Bck_4.10.6/build/CMakeFiles/CMakeTmp'
>>>>>>> 45e1acd2736c028c298f8e5d211c6d237e640bf0


Parsed CXX implicit link information from above output:
  link line regex: [^( *|.*[/\])(ld|CMAKE_LINK_STARTFILE-NOTFOUND|([^/\]+-)?ld|collect2)[^/\]*( |$)]
  ignore line: [Change Dir: /home/galgoczi/cubesat/szimulacio/Bck_4.10.6/build/CMakeFiles/CMakeTmp]
  ignore line: []
<<<<<<< HEAD
  ignore line: [Run Build Command:"/usr/bin/make" "cmTC_6e185/fast"]
  ignore line: [/usr/bin/make -f CMakeFiles/cmTC_6e185.dir/build.make CMakeFiles/cmTC_6e185.dir/build]
  ignore line: [make[1]: Entering directory '/home/galgoczi/cubesat/szimulacio/Bck_4.10.6/build/CMakeFiles/CMakeTmp']
  ignore line: [Building CXX object CMakeFiles/cmTC_6e185.dir/CMakeCXXCompilerABI.cpp.o]
  ignore line: [/usr/bin/c++     -o CMakeFiles/cmTC_6e185.dir/CMakeCXXCompilerABI.cpp.o -c /usr/share/cmake-3.10/Modules/CMakeCXXCompilerABI.cpp]
  ignore line: [Linking CXX executable cmTC_6e185]
  ignore line: [/usr/bin/cmake -E cmake_link_script CMakeFiles/cmTC_6e185.dir/link.txt --verbose=1]
  ignore line: [/usr/bin/c++      -v -rdynamic CMakeFiles/cmTC_6e185.dir/CMakeCXXCompilerABI.cpp.o  -o cmTC_6e185 ]
=======
<<<<<<< HEAD
  ignore line: [Run Build Command:"/usr/bin/make" "cmTC_acdb1/fast"]
  ignore line: [/usr/bin/make -f CMakeFiles/cmTC_acdb1.dir/build.make CMakeFiles/cmTC_acdb1.dir/build]
  ignore line: [make[1]: Entering directory '/home/galgoczi/cubesat/Bck_4.10.6/build/CMakeFiles/CMakeTmp']
  ignore line: [Building CXX object CMakeFiles/cmTC_acdb1.dir/CMakeCXXCompilerABI.cpp.o]
  ignore line: [/usr/bin/c++     -o CMakeFiles/cmTC_acdb1.dir/CMakeCXXCompilerABI.cpp.o -c /usr/share/cmake-3.10/Modules/CMakeCXXCompilerABI.cpp]
  ignore line: [Linking CXX executable cmTC_acdb1]
  ignore line: [/usr/bin/cmake -E cmake_link_script CMakeFiles/cmTC_acdb1.dir/link.txt --verbose=1]
  ignore line: [/usr/bin/c++      -v -rdynamic CMakeFiles/cmTC_acdb1.dir/CMakeCXXCompilerABI.cpp.o  -o cmTC_acdb1 ]
=======
  ignore line: [Run Build Command:"/usr/bin/make" "cmTC_f8f93/fast"]
  ignore line: [/usr/bin/make -f CMakeFiles/cmTC_f8f93.dir/build.make CMakeFiles/cmTC_f8f93.dir/build]
  ignore line: [make[1]: Entering directory '/home/galgoczi/cubesat/szimulacio/Bck_4.10.6/build/CMakeFiles/CMakeTmp']
  ignore line: [Building CXX object CMakeFiles/cmTC_f8f93.dir/CMakeCXXCompilerABI.cpp.o]
  ignore line: [/usr/bin/c++     -o CMakeFiles/cmTC_f8f93.dir/CMakeCXXCompilerABI.cpp.o -c /usr/share/cmake-3.10/Modules/CMakeCXXCompilerABI.cpp]
  ignore line: [Linking CXX executable cmTC_f8f93]
  ignore line: [/usr/bin/cmake -E cmake_link_script CMakeFiles/cmTC_f8f93.dir/link.txt --verbose=1]
  ignore line: [/usr/bin/c++      -v -rdynamic CMakeFiles/cmTC_f8f93.dir/CMakeCXXCompilerABI.cpp.o  -o cmTC_f8f93 ]
>>>>>>> 45e1acd2736c028c298f8e5d211c6d237e640bf0
>>>>>>> b5f746b2c035719c9829dba341c0b9f80a0470c2
  ignore line: [Using built-in specs.]
  ignore line: [COLLECT_GCC=/usr/bin/c++]
  ignore line: [COLLECT_LTO_WRAPPER=/usr/lib/gcc/x86_64-linux-gnu/7/lto-wrapper]
  ignore line: [OFFLOAD_TARGET_NAMES=nvptx-none]
  ignore line: [OFFLOAD_TARGET_DEFAULT=1]
  ignore line: [Target: x86_64-linux-gnu]
  ignore line: [Configured with: ../src/configure -v --with-pkgversion='Ubuntu 7.5.0-3ubuntu1~18.04' --with-bugurl=file:///usr/share/doc/gcc-7/README.Bugs --enable-languages=c,ada,c++,go,brig,d,fortran,objc,obj-c++ --prefix=/usr --with-gcc-major-version-only --program-suffix=-7 --program-prefix=x86_64-linux-gnu- --enable-shared --enable-linker-build-id --libexecdir=/usr/lib --without-included-gettext --enable-threads=posix --libdir=/usr/lib --enable-nls --enable-bootstrap --enable-clocale=gnu --enable-libstdcxx-debug --enable-libstdcxx-time=yes --with-default-libstdcxx-abi=new --enable-gnu-unique-object --disable-vtable-verify --enable-libmpx --enable-plugin --enable-default-pie --with-system-zlib --with-target-system-zlib --enable-objc-gc=auto --enable-multiarch --disable-werror --with-arch-32=i686 --with-abi=m64 --with-multilib-list=m32,m64,mx32 --enable-multilib --with-tune=generic --enable-offload-targets=nvptx-none --without-cuda-driver --enable-checking=release --build=x86_64-linux-gnu --host=x86_64-linux-gnu --target=x86_64-linux-gnu]
  ignore line: [Thread model: posix]
  ignore line: [gcc version 7.5.0 (Ubuntu 7.5.0-3ubuntu1~18.04) ]
  ignore line: [COMPILER_PATH=/usr/lib/gcc/x86_64-linux-gnu/7/:/usr/lib/gcc/x86_64-linux-gnu/7/:/usr/lib/gcc/x86_64-linux-gnu/:/usr/lib/gcc/x86_64-linux-gnu/7/:/usr/lib/gcc/x86_64-linux-gnu/]
  ignore line: [LIBRARY_PATH=/usr/lib/gcc/x86_64-linux-gnu/7/:/usr/lib/gcc/x86_64-linux-gnu/7/../../../x86_64-linux-gnu/:/usr/lib/gcc/x86_64-linux-gnu/7/../../../../lib/:/lib/x86_64-linux-gnu/:/lib/../lib/:/usr/lib/x86_64-linux-gnu/:/usr/lib/../lib/:/usr/lib/gcc/x86_64-linux-gnu/7/../../../:/lib/:/usr/lib/]
<<<<<<< HEAD
  ignore line: [COLLECT_GCC_OPTIONS='-v' '-rdynamic' '-o' 'cmTC_6e185' '-shared-libgcc' '-mtune=generic' '-march=x86-64']
  link line: [ /usr/lib/gcc/x86_64-linux-gnu/7/collect2 -plugin /usr/lib/gcc/x86_64-linux-gnu/7/liblto_plugin.so -plugin-opt=/usr/lib/gcc/x86_64-linux-gnu/7/lto-wrapper -plugin-opt=-fresolution=/tmp/ccSZyXsq.res -plugin-opt=-pass-through=-lgcc_s -plugin-opt=-pass-through=-lgcc -plugin-opt=-pass-through=-lc -plugin-opt=-pass-through=-lgcc_s -plugin-opt=-pass-through=-lgcc --build-id --eh-frame-hdr -m elf_x86_64 --hash-style=gnu --as-needed -export-dynamic -dynamic-linker /lib64/ld-linux-x86-64.so.2 -pie -z now -z relro -o cmTC_6e185 /usr/lib/gcc/x86_64-linux-gnu/7/../../../x86_64-linux-gnu/Scrt1.o /usr/lib/gcc/x86_64-linux-gnu/7/../../../x86_64-linux-gnu/crti.o /usr/lib/gcc/x86_64-linux-gnu/7/crtbeginS.o -L/usr/lib/gcc/x86_64-linux-gnu/7 -L/usr/lib/gcc/x86_64-linux-gnu/7/../../../x86_64-linux-gnu -L/usr/lib/gcc/x86_64-linux-gnu/7/../../../../lib -L/lib/x86_64-linux-gnu -L/lib/../lib -L/usr/lib/x86_64-linux-gnu -L/usr/lib/../lib -L/usr/lib/gcc/x86_64-linux-gnu/7/../../.. CMakeFiles/cmTC_6e185.dir/CMakeCXXCompilerABI.cpp.o -lstdc++ -lm -lgcc_s -lgcc -lc -lgcc_s -lgcc /usr/lib/gcc/x86_64-linux-gnu/7/crtendS.o /usr/lib/gcc/x86_64-linux-gnu/7/../../../x86_64-linux-gnu/crtn.o]
=======
<<<<<<< HEAD
  ignore line: [COLLECT_GCC_OPTIONS='-v' '-rdynamic' '-o' 'cmTC_acdb1' '-shared-libgcc' '-mtune=generic' '-march=x86-64']
  link line: [ /usr/lib/gcc/x86_64-linux-gnu/7/collect2 -plugin /usr/lib/gcc/x86_64-linux-gnu/7/liblto_plugin.so -plugin-opt=/usr/lib/gcc/x86_64-linux-gnu/7/lto-wrapper -plugin-opt=-fresolution=/tmp/ccdeQbvU.res -plugin-opt=-pass-through=-lgcc_s -plugin-opt=-pass-through=-lgcc -plugin-opt=-pass-through=-lc -plugin-opt=-pass-through=-lgcc_s -plugin-opt=-pass-through=-lgcc --build-id --eh-frame-hdr -m elf_x86_64 --hash-style=gnu --as-needed -export-dynamic -dynamic-linker /lib64/ld-linux-x86-64.so.2 -pie -z now -z relro -o cmTC_acdb1 /usr/lib/gcc/x86_64-linux-gnu/7/../../../x86_64-linux-gnu/Scrt1.o /usr/lib/gcc/x86_64-linux-gnu/7/../../../x86_64-linux-gnu/crti.o /usr/lib/gcc/x86_64-linux-gnu/7/crtbeginS.o -L/usr/lib/gcc/x86_64-linux-gnu/7 -L/usr/lib/gcc/x86_64-linux-gnu/7/../../../x86_64-linux-gnu -L/usr/lib/gcc/x86_64-linux-gnu/7/../../../../lib -L/lib/x86_64-linux-gnu -L/lib/../lib -L/usr/lib/x86_64-linux-gnu -L/usr/lib/../lib -L/usr/lib/gcc/x86_64-linux-gnu/7/../../.. CMakeFiles/cmTC_acdb1.dir/CMakeCXXCompilerABI.cpp.o -lstdc++ -lm -lgcc_s -lgcc -lc -lgcc_s -lgcc /usr/lib/gcc/x86_64-linux-gnu/7/crtendS.o /usr/lib/gcc/x86_64-linux-gnu/7/../../../x86_64-linux-gnu/crtn.o]
=======
  ignore line: [COLLECT_GCC_OPTIONS='-v' '-rdynamic' '-o' 'cmTC_f8f93' '-shared-libgcc' '-mtune=generic' '-march=x86-64']
  link line: [ /usr/lib/gcc/x86_64-linux-gnu/7/collect2 -plugin /usr/lib/gcc/x86_64-linux-gnu/7/liblto_plugin.so -plugin-opt=/usr/lib/gcc/x86_64-linux-gnu/7/lto-wrapper -plugin-opt=-fresolution=/tmp/cc5eS36Q.res -plugin-opt=-pass-through=-lgcc_s -plugin-opt=-pass-through=-lgcc -plugin-opt=-pass-through=-lc -plugin-opt=-pass-through=-lgcc_s -plugin-opt=-pass-through=-lgcc --build-id --eh-frame-hdr -m elf_x86_64 --hash-style=gnu --as-needed -export-dynamic -dynamic-linker /lib64/ld-linux-x86-64.so.2 -pie -z now -z relro -o cmTC_f8f93 /usr/lib/gcc/x86_64-linux-gnu/7/../../../x86_64-linux-gnu/Scrt1.o /usr/lib/gcc/x86_64-linux-gnu/7/../../../x86_64-linux-gnu/crti.o /usr/lib/gcc/x86_64-linux-gnu/7/crtbeginS.o -L/usr/lib/gcc/x86_64-linux-gnu/7 -L/usr/lib/gcc/x86_64-linux-gnu/7/../../../x86_64-linux-gnu -L/usr/lib/gcc/x86_64-linux-gnu/7/../../../../lib -L/lib/x86_64-linux-gnu -L/lib/../lib -L/usr/lib/x86_64-linux-gnu -L/usr/lib/../lib -L/usr/lib/gcc/x86_64-linux-gnu/7/../../.. CMakeFiles/cmTC_f8f93.dir/CMakeCXXCompilerABI.cpp.o -lstdc++ -lm -lgcc_s -lgcc -lc -lgcc_s -lgcc /usr/lib/gcc/x86_64-linux-gnu/7/crtendS.o /usr/lib/gcc/x86_64-linux-gnu/7/../../../x86_64-linux-gnu/crtn.o]
>>>>>>> 45e1acd2736c028c298f8e5d211c6d237e640bf0
>>>>>>> b5f746b2c035719c9829dba341c0b9f80a0470c2
    arg [/usr/lib/gcc/x86_64-linux-gnu/7/collect2] ==> ignore
    arg [-plugin] ==> ignore
    arg [/usr/lib/gcc/x86_64-linux-gnu/7/liblto_plugin.so] ==> ignore
    arg [-plugin-opt=/usr/lib/gcc/x86_64-linux-gnu/7/lto-wrapper] ==> ignore
<<<<<<< HEAD
    arg [-plugin-opt=-fresolution=/tmp/ccSZyXsq.res] ==> ignore
=======
<<<<<<< HEAD
    arg [-plugin-opt=-fresolution=/tmp/ccdeQbvU.res] ==> ignore
=======
    arg [-plugin-opt=-fresolution=/tmp/cc5eS36Q.res] ==> ignore
>>>>>>> 45e1acd2736c028c298f8e5d211c6d237e640bf0
>>>>>>> b5f746b2c035719c9829dba341c0b9f80a0470c2
    arg [-plugin-opt=-pass-through=-lgcc_s] ==> ignore
    arg [-plugin-opt=-pass-through=-lgcc] ==> ignore
    arg [-plugin-opt=-pass-through=-lc] ==> ignore
    arg [-plugin-opt=-pass-through=-lgcc_s] ==> ignore
    arg [-plugin-opt=-pass-through=-lgcc] ==> ignore
    arg [--build-id] ==> ignore
    arg [--eh-frame-hdr] ==> ignore
    arg [-m] ==> ignore
    arg [elf_x86_64] ==> ignore
    arg [--hash-style=gnu] ==> ignore
    arg [--as-needed] ==> ignore
    arg [-export-dynamic] ==> ignore
    arg [-dynamic-linker] ==> ignore
    arg [/lib64/ld-linux-x86-64.so.2] ==> ignore
    arg [-pie] ==> ignore
    arg [-znow] ==> ignore
    arg [-zrelro] ==> ignore
    arg [-o] ==> ignore
<<<<<<< HEAD
    arg [cmTC_6e185] ==> ignore
=======
<<<<<<< HEAD
    arg [cmTC_acdb1] ==> ignore
=======
    arg [cmTC_f8f93] ==> ignore
>>>>>>> 45e1acd2736c028c298f8e5d211c6d237e640bf0
>>>>>>> b5f746b2c035719c9829dba341c0b9f80a0470c2
    arg [/usr/lib/gcc/x86_64-linux-gnu/7/../../../x86_64-linux-gnu/Scrt1.o] ==> ignore
    arg [/usr/lib/gcc/x86_64-linux-gnu/7/../../../x86_64-linux-gnu/crti.o] ==> ignore
    arg [/usr/lib/gcc/x86_64-linux-gnu/7/crtbeginS.o] ==> ignore
    arg [-L/usr/lib/gcc/x86_64-linux-gnu/7] ==> dir [/usr/lib/gcc/x86_64-linux-gnu/7]
    arg [-L/usr/lib/gcc/x86_64-linux-gnu/7/../../../x86_64-linux-gnu] ==> dir [/usr/lib/gcc/x86_64-linux-gnu/7/../../../x86_64-linux-gnu]
    arg [-L/usr/lib/gcc/x86_64-linux-gnu/7/../../../../lib] ==> dir [/usr/lib/gcc/x86_64-linux-gnu/7/../../../../lib]
    arg [-L/lib/x86_64-linux-gnu] ==> dir [/lib/x86_64-linux-gnu]
    arg [-L/lib/../lib] ==> dir [/lib/../lib]
    arg [-L/usr/lib/x86_64-linux-gnu] ==> dir [/usr/lib/x86_64-linux-gnu]
    arg [-L/usr/lib/../lib] ==> dir [/usr/lib/../lib]
    arg [-L/usr/lib/gcc/x86_64-linux-gnu/7/../../..] ==> dir [/usr/lib/gcc/x86_64-linux-gnu/7/../../..]
<<<<<<< HEAD
    arg [CMakeFiles/cmTC_6e185.dir/CMakeCXXCompilerABI.cpp.o] ==> ignore
=======
<<<<<<< HEAD
    arg [CMakeFiles/cmTC_acdb1.dir/CMakeCXXCompilerABI.cpp.o] ==> ignore
=======
    arg [CMakeFiles/cmTC_f8f93.dir/CMakeCXXCompilerABI.cpp.o] ==> ignore
>>>>>>> 45e1acd2736c028c298f8e5d211c6d237e640bf0
>>>>>>> b5f746b2c035719c9829dba341c0b9f80a0470c2
    arg [-lstdc++] ==> lib [stdc++]
    arg [-lm] ==> lib [m]
    arg [-lgcc_s] ==> lib [gcc_s]
    arg [-lgcc] ==> lib [gcc]
    arg [-lc] ==> lib [c]
    arg [-lgcc_s] ==> lib [gcc_s]
    arg [-lgcc] ==> lib [gcc]
    arg [/usr/lib/gcc/x86_64-linux-gnu/7/crtendS.o] ==> ignore
    arg [/usr/lib/gcc/x86_64-linux-gnu/7/../../../x86_64-linux-gnu/crtn.o] ==> ignore
  collapse library dir [/usr/lib/gcc/x86_64-linux-gnu/7] ==> [/usr/lib/gcc/x86_64-linux-gnu/7]
  collapse library dir [/usr/lib/gcc/x86_64-linux-gnu/7/../../../x86_64-linux-gnu] ==> [/usr/lib/x86_64-linux-gnu]
  collapse library dir [/usr/lib/gcc/x86_64-linux-gnu/7/../../../../lib] ==> [/usr/lib]
  collapse library dir [/lib/x86_64-linux-gnu] ==> [/lib/x86_64-linux-gnu]
  collapse library dir [/lib/../lib] ==> [/lib]
  collapse library dir [/usr/lib/x86_64-linux-gnu] ==> [/usr/lib/x86_64-linux-gnu]
  collapse library dir [/usr/lib/../lib] ==> [/usr/lib]
  collapse library dir [/usr/lib/gcc/x86_64-linux-gnu/7/../../..] ==> [/usr/lib]
  implicit libs: [stdc++;m;gcc_s;gcc;c;gcc_s;gcc]
  implicit dirs: [/usr/lib/gcc/x86_64-linux-gnu/7;/usr/lib/x86_64-linux-gnu;/usr/lib;/lib/x86_64-linux-gnu;/lib]
  implicit fwks: []




Detecting CXX [-std=c++1z] compiler features compiled with the following output:
Change Dir: /home/galgoczi/cubesat/szimulacio/Bck_4.10.6/build/CMakeFiles/CMakeTmp

<<<<<<< HEAD
Run Build Command:"/usr/bin/make" "cmTC_2de23/fast"
/usr/bin/make -f CMakeFiles/cmTC_2de23.dir/build.make CMakeFiles/cmTC_2de23.dir/build
=======
<<<<<<< HEAD
Run Build Command:"/usr/bin/make" "cmTC_da83d/fast"
/usr/bin/make -f CMakeFiles/cmTC_da83d.dir/build.make CMakeFiles/cmTC_da83d.dir/build
make[1]: Entering directory '/home/galgoczi/cubesat/Bck_4.10.6/build/CMakeFiles/CMakeTmp'
Building CXX object CMakeFiles/cmTC_da83d.dir/feature_tests.cxx.o
/usr/bin/c++    -std=c++1z -o CMakeFiles/cmTC_da83d.dir/feature_tests.cxx.o -c /home/galgoczi/cubesat/Bck_4.10.6/build/CMakeFiles/feature_tests.cxx
Linking CXX executable cmTC_da83d
/usr/bin/cmake -E cmake_link_script CMakeFiles/cmTC_da83d.dir/link.txt --verbose=1
/usr/bin/c++       -rdynamic CMakeFiles/cmTC_da83d.dir/feature_tests.cxx.o  -o cmTC_da83d 
make[1]: Leaving directory '/home/galgoczi/cubesat/Bck_4.10.6/build/CMakeFiles/CMakeTmp'
=======
Run Build Command:"/usr/bin/make" "cmTC_af5be/fast"
/usr/bin/make -f CMakeFiles/cmTC_af5be.dir/build.make CMakeFiles/cmTC_af5be.dir/build
>>>>>>> b5f746b2c035719c9829dba341c0b9f80a0470c2
make[1]: Entering directory '/home/galgoczi/cubesat/szimulacio/Bck_4.10.6/build/CMakeFiles/CMakeTmp'
Building CXX object CMakeFiles/cmTC_2de23.dir/feature_tests.cxx.o
/usr/bin/c++    -std=c++1z -o CMakeFiles/cmTC_2de23.dir/feature_tests.cxx.o -c /home/galgoczi/cubesat/szimulacio/Bck_4.10.6/build/CMakeFiles/feature_tests.cxx
Linking CXX executable cmTC_2de23
/usr/bin/cmake -E cmake_link_script CMakeFiles/cmTC_2de23.dir/link.txt --verbose=1
/usr/bin/c++       -rdynamic CMakeFiles/cmTC_2de23.dir/feature_tests.cxx.o  -o cmTC_2de23 
make[1]: Leaving directory '/home/galgoczi/cubesat/szimulacio/Bck_4.10.6/build/CMakeFiles/CMakeTmp'
>>>>>>> 45e1acd2736c028c298f8e5d211c6d237e640bf0


    Feature record: CXX_FEATURE:1cxx_aggregate_default_initializers
    Feature record: CXX_FEATURE:1cxx_alias_templates
    Feature record: CXX_FEATURE:1cxx_alignas
    Feature record: CXX_FEATURE:1cxx_alignof
    Feature record: CXX_FEATURE:1cxx_attributes
    Feature record: CXX_FEATURE:1cxx_attribute_deprecated
    Feature record: CXX_FEATURE:1cxx_auto_type
    Feature record: CXX_FEATURE:1cxx_binary_literals
    Feature record: CXX_FEATURE:1cxx_constexpr
    Feature record: CXX_FEATURE:1cxx_contextual_conversions
    Feature record: CXX_FEATURE:1cxx_decltype
    Feature record: CXX_FEATURE:1cxx_decltype_auto
    Feature record: CXX_FEATURE:1cxx_decltype_incomplete_return_types
    Feature record: CXX_FEATURE:1cxx_default_function_template_args
    Feature record: CXX_FEATURE:1cxx_defaulted_functions
    Feature record: CXX_FEATURE:1cxx_defaulted_move_initializers
    Feature record: CXX_FEATURE:1cxx_delegating_constructors
    Feature record: CXX_FEATURE:1cxx_deleted_functions
    Feature record: CXX_FEATURE:1cxx_digit_separators
    Feature record: CXX_FEATURE:1cxx_enum_forward_declarations
    Feature record: CXX_FEATURE:1cxx_explicit_conversions
    Feature record: CXX_FEATURE:1cxx_extended_friend_declarations
    Feature record: CXX_FEATURE:1cxx_extern_templates
    Feature record: CXX_FEATURE:1cxx_final
    Feature record: CXX_FEATURE:1cxx_func_identifier
    Feature record: CXX_FEATURE:1cxx_generalized_initializers
    Feature record: CXX_FEATURE:1cxx_generic_lambdas
    Feature record: CXX_FEATURE:1cxx_inheriting_constructors
    Feature record: CXX_FEATURE:1cxx_inline_namespaces
    Feature record: CXX_FEATURE:1cxx_lambdas
    Feature record: CXX_FEATURE:1cxx_lambda_init_captures
    Feature record: CXX_FEATURE:1cxx_local_type_template_args
    Feature record: CXX_FEATURE:1cxx_long_long_type
    Feature record: CXX_FEATURE:1cxx_noexcept
    Feature record: CXX_FEATURE:1cxx_nonstatic_member_init
    Feature record: CXX_FEATURE:1cxx_nullptr
    Feature record: CXX_FEATURE:1cxx_override
    Feature record: CXX_FEATURE:1cxx_range_for
    Feature record: CXX_FEATURE:1cxx_raw_string_literals
    Feature record: CXX_FEATURE:1cxx_reference_qualified_functions
    Feature record: CXX_FEATURE:1cxx_relaxed_constexpr
    Feature record: CXX_FEATURE:1cxx_return_type_deduction
    Feature record: CXX_FEATURE:1cxx_right_angle_brackets
    Feature record: CXX_FEATURE:1cxx_rvalue_references
    Feature record: CXX_FEATURE:1cxx_sizeof_member
    Feature record: CXX_FEATURE:1cxx_static_assert
    Feature record: CXX_FEATURE:1cxx_strong_enums
    Feature record: CXX_FEATURE:1cxx_template_template_parameters
    Feature record: CXX_FEATURE:1cxx_thread_local
    Feature record: CXX_FEATURE:1cxx_trailing_return_types
    Feature record: CXX_FEATURE:1cxx_unicode_literals
    Feature record: CXX_FEATURE:1cxx_uniform_initialization
    Feature record: CXX_FEATURE:1cxx_unrestricted_unions
    Feature record: CXX_FEATURE:1cxx_user_literals
    Feature record: CXX_FEATURE:1cxx_variable_templates
    Feature record: CXX_FEATURE:1cxx_variadic_macros
    Feature record: CXX_FEATURE:1cxx_variadic_templates


Detecting CXX [-std=c++14] compiler features compiled with the following output:
Change Dir: /home/galgoczi/cubesat/szimulacio/Bck_4.10.6/build/CMakeFiles/CMakeTmp

<<<<<<< HEAD
Run Build Command:"/usr/bin/make" "cmTC_e4e02/fast"
/usr/bin/make -f CMakeFiles/cmTC_e4e02.dir/build.make CMakeFiles/cmTC_e4e02.dir/build
=======
<<<<<<< HEAD
Run Build Command:"/usr/bin/make" "cmTC_ccf4a/fast"
/usr/bin/make -f CMakeFiles/cmTC_ccf4a.dir/build.make CMakeFiles/cmTC_ccf4a.dir/build
make[1]: Entering directory '/home/galgoczi/cubesat/Bck_4.10.6/build/CMakeFiles/CMakeTmp'
Building CXX object CMakeFiles/cmTC_ccf4a.dir/feature_tests.cxx.o
/usr/bin/c++    -std=c++14 -o CMakeFiles/cmTC_ccf4a.dir/feature_tests.cxx.o -c /home/galgoczi/cubesat/Bck_4.10.6/build/CMakeFiles/feature_tests.cxx
Linking CXX executable cmTC_ccf4a
/usr/bin/cmake -E cmake_link_script CMakeFiles/cmTC_ccf4a.dir/link.txt --verbose=1
/usr/bin/c++       -rdynamic CMakeFiles/cmTC_ccf4a.dir/feature_tests.cxx.o  -o cmTC_ccf4a 
make[1]: Leaving directory '/home/galgoczi/cubesat/Bck_4.10.6/build/CMakeFiles/CMakeTmp'
=======
Run Build Command:"/usr/bin/make" "cmTC_96c88/fast"
/usr/bin/make -f CMakeFiles/cmTC_96c88.dir/build.make CMakeFiles/cmTC_96c88.dir/build
>>>>>>> b5f746b2c035719c9829dba341c0b9f80a0470c2
make[1]: Entering directory '/home/galgoczi/cubesat/szimulacio/Bck_4.10.6/build/CMakeFiles/CMakeTmp'
Building CXX object CMakeFiles/cmTC_e4e02.dir/feature_tests.cxx.o
/usr/bin/c++    -std=c++14 -o CMakeFiles/cmTC_e4e02.dir/feature_tests.cxx.o -c /home/galgoczi/cubesat/szimulacio/Bck_4.10.6/build/CMakeFiles/feature_tests.cxx
Linking CXX executable cmTC_e4e02
/usr/bin/cmake -E cmake_link_script CMakeFiles/cmTC_e4e02.dir/link.txt --verbose=1
/usr/bin/c++       -rdynamic CMakeFiles/cmTC_e4e02.dir/feature_tests.cxx.o  -o cmTC_e4e02 
make[1]: Leaving directory '/home/galgoczi/cubesat/szimulacio/Bck_4.10.6/build/CMakeFiles/CMakeTmp'
>>>>>>> 45e1acd2736c028c298f8e5d211c6d237e640bf0


    Feature record: CXX_FEATURE:1cxx_aggregate_default_initializers
    Feature record: CXX_FEATURE:1cxx_alias_templates
    Feature record: CXX_FEATURE:1cxx_alignas
    Feature record: CXX_FEATURE:1cxx_alignof
    Feature record: CXX_FEATURE:1cxx_attributes
    Feature record: CXX_FEATURE:1cxx_attribute_deprecated
    Feature record: CXX_FEATURE:1cxx_auto_type
    Feature record: CXX_FEATURE:1cxx_binary_literals
    Feature record: CXX_FEATURE:1cxx_constexpr
    Feature record: CXX_FEATURE:1cxx_contextual_conversions
    Feature record: CXX_FEATURE:1cxx_decltype
    Feature record: CXX_FEATURE:1cxx_decltype_auto
    Feature record: CXX_FEATURE:1cxx_decltype_incomplete_return_types
    Feature record: CXX_FEATURE:1cxx_default_function_template_args
    Feature record: CXX_FEATURE:1cxx_defaulted_functions
    Feature record: CXX_FEATURE:1cxx_defaulted_move_initializers
    Feature record: CXX_FEATURE:1cxx_delegating_constructors
    Feature record: CXX_FEATURE:1cxx_deleted_functions
    Feature record: CXX_FEATURE:1cxx_digit_separators
    Feature record: CXX_FEATURE:1cxx_enum_forward_declarations
    Feature record: CXX_FEATURE:1cxx_explicit_conversions
    Feature record: CXX_FEATURE:1cxx_extended_friend_declarations
    Feature record: CXX_FEATURE:1cxx_extern_templates
    Feature record: CXX_FEATURE:1cxx_final
    Feature record: CXX_FEATURE:1cxx_func_identifier
    Feature record: CXX_FEATURE:1cxx_generalized_initializers
    Feature record: CXX_FEATURE:1cxx_generic_lambdas
    Feature record: CXX_FEATURE:1cxx_inheriting_constructors
    Feature record: CXX_FEATURE:1cxx_inline_namespaces
    Feature record: CXX_FEATURE:1cxx_lambdas
    Feature record: CXX_FEATURE:1cxx_lambda_init_captures
    Feature record: CXX_FEATURE:1cxx_local_type_template_args
    Feature record: CXX_FEATURE:1cxx_long_long_type
    Feature record: CXX_FEATURE:1cxx_noexcept
    Feature record: CXX_FEATURE:1cxx_nonstatic_member_init
    Feature record: CXX_FEATURE:1cxx_nullptr
    Feature record: CXX_FEATURE:1cxx_override
    Feature record: CXX_FEATURE:1cxx_range_for
    Feature record: CXX_FEATURE:1cxx_raw_string_literals
    Feature record: CXX_FEATURE:1cxx_reference_qualified_functions
    Feature record: CXX_FEATURE:1cxx_relaxed_constexpr
    Feature record: CXX_FEATURE:1cxx_return_type_deduction
    Feature record: CXX_FEATURE:1cxx_right_angle_brackets
    Feature record: CXX_FEATURE:1cxx_rvalue_references
    Feature record: CXX_FEATURE:1cxx_sizeof_member
    Feature record: CXX_FEATURE:1cxx_static_assert
    Feature record: CXX_FEATURE:1cxx_strong_enums
    Feature record: CXX_FEATURE:1cxx_template_template_parameters
    Feature record: CXX_FEATURE:1cxx_thread_local
    Feature record: CXX_FEATURE:1cxx_trailing_return_types
    Feature record: CXX_FEATURE:1cxx_unicode_literals
    Feature record: CXX_FEATURE:1cxx_uniform_initialization
    Feature record: CXX_FEATURE:1cxx_unrestricted_unions
    Feature record: CXX_FEATURE:1cxx_user_literals
    Feature record: CXX_FEATURE:1cxx_variable_templates
    Feature record: CXX_FEATURE:1cxx_variadic_macros
    Feature record: CXX_FEATURE:1cxx_variadic_templates


Detecting CXX [-std=c++11] compiler features compiled with the following output:
Change Dir: /home/galgoczi/cubesat/szimulacio/Bck_4.10.6/build/CMakeFiles/CMakeTmp

<<<<<<< HEAD
Run Build Command:"/usr/bin/make" "cmTC_27658/fast"
/usr/bin/make -f CMakeFiles/cmTC_27658.dir/build.make CMakeFiles/cmTC_27658.dir/build
=======
<<<<<<< HEAD
Run Build Command:"/usr/bin/make" "cmTC_1c14f/fast"
/usr/bin/make -f CMakeFiles/cmTC_1c14f.dir/build.make CMakeFiles/cmTC_1c14f.dir/build
make[1]: Entering directory '/home/galgoczi/cubesat/Bck_4.10.6/build/CMakeFiles/CMakeTmp'
Building CXX object CMakeFiles/cmTC_1c14f.dir/feature_tests.cxx.o
/usr/bin/c++    -std=c++11 -o CMakeFiles/cmTC_1c14f.dir/feature_tests.cxx.o -c /home/galgoczi/cubesat/Bck_4.10.6/build/CMakeFiles/feature_tests.cxx
Linking CXX executable cmTC_1c14f
/usr/bin/cmake -E cmake_link_script CMakeFiles/cmTC_1c14f.dir/link.txt --verbose=1
/usr/bin/c++       -rdynamic CMakeFiles/cmTC_1c14f.dir/feature_tests.cxx.o  -o cmTC_1c14f 
make[1]: Leaving directory '/home/galgoczi/cubesat/Bck_4.10.6/build/CMakeFiles/CMakeTmp'
=======
Run Build Command:"/usr/bin/make" "cmTC_70d46/fast"
/usr/bin/make -f CMakeFiles/cmTC_70d46.dir/build.make CMakeFiles/cmTC_70d46.dir/build
>>>>>>> b5f746b2c035719c9829dba341c0b9f80a0470c2
make[1]: Entering directory '/home/galgoczi/cubesat/szimulacio/Bck_4.10.6/build/CMakeFiles/CMakeTmp'
Building CXX object CMakeFiles/cmTC_27658.dir/feature_tests.cxx.o
/usr/bin/c++    -std=c++11 -o CMakeFiles/cmTC_27658.dir/feature_tests.cxx.o -c /home/galgoczi/cubesat/szimulacio/Bck_4.10.6/build/CMakeFiles/feature_tests.cxx
Linking CXX executable cmTC_27658
/usr/bin/cmake -E cmake_link_script CMakeFiles/cmTC_27658.dir/link.txt --verbose=1
/usr/bin/c++       -rdynamic CMakeFiles/cmTC_27658.dir/feature_tests.cxx.o  -o cmTC_27658 
make[1]: Leaving directory '/home/galgoczi/cubesat/szimulacio/Bck_4.10.6/build/CMakeFiles/CMakeTmp'
>>>>>>> 45e1acd2736c028c298f8e5d211c6d237e640bf0


    Feature record: CXX_FEATURE:0cxx_aggregate_default_initializers
    Feature record: CXX_FEATURE:1cxx_alias_templates
    Feature record: CXX_FEATURE:1cxx_alignas
    Feature record: CXX_FEATURE:1cxx_alignof
    Feature record: CXX_FEATURE:1cxx_attributes
    Feature record: CXX_FEATURE:0cxx_attribute_deprecated
    Feature record: CXX_FEATURE:1cxx_auto_type
    Feature record: CXX_FEATURE:0cxx_binary_literals
    Feature record: CXX_FEATURE:1cxx_constexpr
    Feature record: CXX_FEATURE:0cxx_contextual_conversions
    Feature record: CXX_FEATURE:1cxx_decltype
    Feature record: CXX_FEATURE:0cxx_decltype_auto
    Feature record: CXX_FEATURE:1cxx_decltype_incomplete_return_types
    Feature record: CXX_FEATURE:1cxx_default_function_template_args
    Feature record: CXX_FEATURE:1cxx_defaulted_functions
    Feature record: CXX_FEATURE:1cxx_defaulted_move_initializers
    Feature record: CXX_FEATURE:1cxx_delegating_constructors
    Feature record: CXX_FEATURE:1cxx_deleted_functions
    Feature record: CXX_FEATURE:0cxx_digit_separators
    Feature record: CXX_FEATURE:1cxx_enum_forward_declarations
    Feature record: CXX_FEATURE:1cxx_explicit_conversions
    Feature record: CXX_FEATURE:1cxx_extended_friend_declarations
    Feature record: CXX_FEATURE:1cxx_extern_templates
    Feature record: CXX_FEATURE:1cxx_final
    Feature record: CXX_FEATURE:1cxx_func_identifier
    Feature record: CXX_FEATURE:1cxx_generalized_initializers
    Feature record: CXX_FEATURE:0cxx_generic_lambdas
    Feature record: CXX_FEATURE:1cxx_inheriting_constructors
    Feature record: CXX_FEATURE:1cxx_inline_namespaces
    Feature record: CXX_FEATURE:1cxx_lambdas
    Feature record: CXX_FEATURE:0cxx_lambda_init_captures
    Feature record: CXX_FEATURE:1cxx_local_type_template_args
    Feature record: CXX_FEATURE:1cxx_long_long_type
    Feature record: CXX_FEATURE:1cxx_noexcept
    Feature record: CXX_FEATURE:1cxx_nonstatic_member_init
    Feature record: CXX_FEATURE:1cxx_nullptr
    Feature record: CXX_FEATURE:1cxx_override
    Feature record: CXX_FEATURE:1cxx_range_for
    Feature record: CXX_FEATURE:1cxx_raw_string_literals
    Feature record: CXX_FEATURE:1cxx_reference_qualified_functions
    Feature record: CXX_FEATURE:0cxx_relaxed_constexpr
    Feature record: CXX_FEATURE:0cxx_return_type_deduction
    Feature record: CXX_FEATURE:1cxx_right_angle_brackets
    Feature record: CXX_FEATURE:1cxx_rvalue_references
    Feature record: CXX_FEATURE:1cxx_sizeof_member
    Feature record: CXX_FEATURE:1cxx_static_assert
    Feature record: CXX_FEATURE:1cxx_strong_enums
    Feature record: CXX_FEATURE:1cxx_template_template_parameters
    Feature record: CXX_FEATURE:1cxx_thread_local
    Feature record: CXX_FEATURE:1cxx_trailing_return_types
    Feature record: CXX_FEATURE:1cxx_unicode_literals
    Feature record: CXX_FEATURE:1cxx_uniform_initialization
    Feature record: CXX_FEATURE:1cxx_unrestricted_unions
    Feature record: CXX_FEATURE:1cxx_user_literals
    Feature record: CXX_FEATURE:0cxx_variable_templates
    Feature record: CXX_FEATURE:1cxx_variadic_macros
    Feature record: CXX_FEATURE:1cxx_variadic_templates


Detecting CXX [-std=c++98] compiler features compiled with the following output:
Change Dir: /home/galgoczi/cubesat/szimulacio/Bck_4.10.6/build/CMakeFiles/CMakeTmp

<<<<<<< HEAD
Run Build Command:"/usr/bin/make" "cmTC_7a00a/fast"
/usr/bin/make -f CMakeFiles/cmTC_7a00a.dir/build.make CMakeFiles/cmTC_7a00a.dir/build
=======
<<<<<<< HEAD
Run Build Command:"/usr/bin/make" "cmTC_ac52e/fast"
/usr/bin/make -f CMakeFiles/cmTC_ac52e.dir/build.make CMakeFiles/cmTC_ac52e.dir/build
make[1]: Entering directory '/home/galgoczi/cubesat/Bck_4.10.6/build/CMakeFiles/CMakeTmp'
Building CXX object CMakeFiles/cmTC_ac52e.dir/feature_tests.cxx.o
/usr/bin/c++    -std=c++98 -o CMakeFiles/cmTC_ac52e.dir/feature_tests.cxx.o -c /home/galgoczi/cubesat/Bck_4.10.6/build/CMakeFiles/feature_tests.cxx
Linking CXX executable cmTC_ac52e
/usr/bin/cmake -E cmake_link_script CMakeFiles/cmTC_ac52e.dir/link.txt --verbose=1
/usr/bin/c++       -rdynamic CMakeFiles/cmTC_ac52e.dir/feature_tests.cxx.o  -o cmTC_ac52e 
make[1]: Leaving directory '/home/galgoczi/cubesat/Bck_4.10.6/build/CMakeFiles/CMakeTmp'
=======
Run Build Command:"/usr/bin/make" "cmTC_ef6e4/fast"
/usr/bin/make -f CMakeFiles/cmTC_ef6e4.dir/build.make CMakeFiles/cmTC_ef6e4.dir/build
>>>>>>> b5f746b2c035719c9829dba341c0b9f80a0470c2
make[1]: Entering directory '/home/galgoczi/cubesat/szimulacio/Bck_4.10.6/build/CMakeFiles/CMakeTmp'
Building CXX object CMakeFiles/cmTC_7a00a.dir/feature_tests.cxx.o
/usr/bin/c++    -std=c++98 -o CMakeFiles/cmTC_7a00a.dir/feature_tests.cxx.o -c /home/galgoczi/cubesat/szimulacio/Bck_4.10.6/build/CMakeFiles/feature_tests.cxx
Linking CXX executable cmTC_7a00a
/usr/bin/cmake -E cmake_link_script CMakeFiles/cmTC_7a00a.dir/link.txt --verbose=1
/usr/bin/c++       -rdynamic CMakeFiles/cmTC_7a00a.dir/feature_tests.cxx.o  -o cmTC_7a00a 
make[1]: Leaving directory '/home/galgoczi/cubesat/szimulacio/Bck_4.10.6/build/CMakeFiles/CMakeTmp'
>>>>>>> 45e1acd2736c028c298f8e5d211c6d237e640bf0


    Feature record: CXX_FEATURE:0cxx_aggregate_default_initializers
    Feature record: CXX_FEATURE:0cxx_alias_templates
    Feature record: CXX_FEATURE:0cxx_alignas
    Feature record: CXX_FEATURE:0cxx_alignof
    Feature record: CXX_FEATURE:0cxx_attributes
    Feature record: CXX_FEATURE:0cxx_attribute_deprecated
    Feature record: CXX_FEATURE:0cxx_auto_type
    Feature record: CXX_FEATURE:0cxx_binary_literals
    Feature record: CXX_FEATURE:0cxx_constexpr
    Feature record: CXX_FEATURE:0cxx_contextual_conversions
    Feature record: CXX_FEATURE:0cxx_decltype
    Feature record: CXX_FEATURE:0cxx_decltype_auto
    Feature record: CXX_FEATURE:0cxx_decltype_incomplete_return_types
    Feature record: CXX_FEATURE:0cxx_default_function_template_args
    Feature record: CXX_FEATURE:0cxx_defaulted_functions
    Feature record: CXX_FEATURE:0cxx_defaulted_move_initializers
    Feature record: CXX_FEATURE:0cxx_delegating_constructors
    Feature record: CXX_FEATURE:0cxx_deleted_functions
    Feature record: CXX_FEATURE:0cxx_digit_separators
    Feature record: CXX_FEATURE:0cxx_enum_forward_declarations
    Feature record: CXX_FEATURE:0cxx_explicit_conversions
    Feature record: CXX_FEATURE:0cxx_extended_friend_declarations
    Feature record: CXX_FEATURE:0cxx_extern_templates
    Feature record: CXX_FEATURE:0cxx_final
    Feature record: CXX_FEATURE:0cxx_func_identifier
    Feature record: CXX_FEATURE:0cxx_generalized_initializers
    Feature record: CXX_FEATURE:0cxx_generic_lambdas
    Feature record: CXX_FEATURE:0cxx_inheriting_constructors
    Feature record: CXX_FEATURE:0cxx_inline_namespaces
    Feature record: CXX_FEATURE:0cxx_lambdas
    Feature record: CXX_FEATURE:0cxx_lambda_init_captures
    Feature record: CXX_FEATURE:0cxx_local_type_template_args
    Feature record: CXX_FEATURE:0cxx_long_long_type
    Feature record: CXX_FEATURE:0cxx_noexcept
    Feature record: CXX_FEATURE:0cxx_nonstatic_member_init
    Feature record: CXX_FEATURE:0cxx_nullptr
    Feature record: CXX_FEATURE:0cxx_override
    Feature record: CXX_FEATURE:0cxx_range_for
    Feature record: CXX_FEATURE:0cxx_raw_string_literals
    Feature record: CXX_FEATURE:0cxx_reference_qualified_functions
    Feature record: CXX_FEATURE:0cxx_relaxed_constexpr
    Feature record: CXX_FEATURE:0cxx_return_type_deduction
    Feature record: CXX_FEATURE:0cxx_right_angle_brackets
    Feature record: CXX_FEATURE:0cxx_rvalue_references
    Feature record: CXX_FEATURE:0cxx_sizeof_member
    Feature record: CXX_FEATURE:0cxx_static_assert
    Feature record: CXX_FEATURE:0cxx_strong_enums
    Feature record: CXX_FEATURE:1cxx_template_template_parameters
    Feature record: CXX_FEATURE:0cxx_thread_local
    Feature record: CXX_FEATURE:0cxx_trailing_return_types
    Feature record: CXX_FEATURE:0cxx_unicode_literals
    Feature record: CXX_FEATURE:0cxx_uniform_initialization
    Feature record: CXX_FEATURE:0cxx_unrestricted_unions
    Feature record: CXX_FEATURE:0cxx_user_literals
    Feature record: CXX_FEATURE:0cxx_variable_templates
    Feature record: CXX_FEATURE:0cxx_variadic_macros
    Feature record: CXX_FEATURE:0cxx_variadic_templates
<<<<<<< HEAD
Determining if the Q_WS_X11 exist passed with the following output:
Change Dir: /home/galgoczi/cubesat/szimulacio/Bck_4.10.6/build/CMakeFiles/CMakeTmp

Run Build Command:"/usr/bin/make" "cmTC_2e4ee/fast"
/usr/bin/make -f CMakeFiles/cmTC_2e4ee.dir/build.make CMakeFiles/cmTC_2e4ee.dir/build
make[1]: Entering directory '/home/galgoczi/cubesat/szimulacio/Bck_4.10.6/build/CMakeFiles/CMakeTmp'
Building CXX object CMakeFiles/cmTC_2e4ee.dir/CheckSymbolExists.cxx.o
/usr/bin/c++   -I/usr/include/qt4   -o CMakeFiles/cmTC_2e4ee.dir/CheckSymbolExists.cxx.o -c /home/galgoczi/cubesat/szimulacio/Bck_4.10.6/build/CMakeFiles/CMakeTmp/CheckSymbolExists.cxx
Linking CXX executable cmTC_2e4ee
/usr/bin/cmake -E cmake_link_script CMakeFiles/cmTC_2e4ee.dir/link.txt --verbose=1
/usr/bin/c++       CMakeFiles/cmTC_2e4ee.dir/CheckSymbolExists.cxx.o  -o cmTC_2e4ee 
make[1]: Leaving directory '/home/galgoczi/cubesat/szimulacio/Bck_4.10.6/build/CMakeFiles/CMakeTmp'

File /home/galgoczi/cubesat/szimulacio/Bck_4.10.6/build/CMakeFiles/CMakeTmp/CheckSymbolExists.cxx:
=======
<<<<<<< HEAD
Determining if the Q_WS_X11 exist passed with the following output:
Change Dir: /home/galgoczi/cubesat/Bck_4.10.6/build/CMakeFiles/CMakeTmp

Run Build Command:"/usr/bin/make" "cmTC_b5b71/fast"
/usr/bin/make -f CMakeFiles/cmTC_b5b71.dir/build.make CMakeFiles/cmTC_b5b71.dir/build
make[1]: Entering directory '/home/galgoczi/cubesat/Bck_4.10.6/build/CMakeFiles/CMakeTmp'
Building CXX object CMakeFiles/cmTC_b5b71.dir/CheckSymbolExists.cxx.o
/usr/bin/c++   -I/usr/include/qt4   -o CMakeFiles/cmTC_b5b71.dir/CheckSymbolExists.cxx.o -c /home/galgoczi/cubesat/Bck_4.10.6/build/CMakeFiles/CMakeTmp/CheckSymbolExists.cxx
Linking CXX executable cmTC_b5b71
/usr/bin/cmake -E cmake_link_script CMakeFiles/cmTC_b5b71.dir/link.txt --verbose=1
/usr/bin/c++       CMakeFiles/cmTC_b5b71.dir/CheckSymbolExists.cxx.o  -o cmTC_b5b71 
make[1]: Leaving directory '/home/galgoczi/cubesat/Bck_4.10.6/build/CMakeFiles/CMakeTmp'

File /home/galgoczi/cubesat/Bck_4.10.6/build/CMakeFiles/CMakeTmp/CheckSymbolExists.cxx:
>>>>>>> b5f746b2c035719c9829dba341c0b9f80a0470c2
/* */
#include <QtCore/qglobal.h>

int main(int argc, char** argv)
{
  (void)argv;
#ifndef Q_WS_X11
  return ((int*)(&Q_WS_X11))[argc];
#else
  (void)argc;
  return 0;
#endif
}

<<<<<<< HEAD
Determining if the function XOpenDisplay exists in the /usr/lib/x86_64-linux-gnu/libX11.so;/usr/lib/x86_64-linux-gnu/libXext.so passed with the following output:
Change Dir: /home/galgoczi/cubesat/szimulacio/Bck_4.10.6/build/CMakeFiles/CMakeTmp

Run Build Command:"/usr/bin/make" "cmTC_608a4/fast"
/usr/bin/make -f CMakeFiles/cmTC_608a4.dir/build.make CMakeFiles/cmTC_608a4.dir/build
=======
=======
>>>>>>> 45e1acd2736c028c298f8e5d211c6d237e640bf0
Determining if the function XOpenDisplay exists in the /usr/lib/x86_64-linux-gnu/libX11.so;/usr/lib/x86_64-linux-gnu/libXext.so passed with the following output:
Change Dir: /home/galgoczi/cubesat/szimulacio/Bck_4.10.6/build/CMakeFiles/CMakeTmp

<<<<<<< HEAD
Run Build Command:"/usr/bin/make" "cmTC_b4910/fast"
/usr/bin/make -f CMakeFiles/cmTC_b4910.dir/build.make CMakeFiles/cmTC_b4910.dir/build
make[1]: Entering directory '/home/galgoczi/cubesat/Bck_4.10.6/build/CMakeFiles/CMakeTmp'
Building C object CMakeFiles/cmTC_b4910.dir/CheckFunctionExists.c.o
/usr/bin/cc   -DCHECK_FUNCTION_EXISTS=XOpenDisplay   -o CMakeFiles/cmTC_b4910.dir/CheckFunctionExists.c.o   -c /usr/share/cmake-3.10/Modules/CheckFunctionExists.c
Linking C executable cmTC_b4910
/usr/bin/cmake -E cmake_link_script CMakeFiles/cmTC_b4910.dir/link.txt --verbose=1
/usr/bin/cc  -DCHECK_FUNCTION_EXISTS=XOpenDisplay    CMakeFiles/cmTC_b4910.dir/CheckFunctionExists.c.o  -o cmTC_b4910 /usr/lib/x86_64-linux-gnu/libX11.so /usr/lib/x86_64-linux-gnu/libXext.so 
make[1]: Leaving directory '/home/galgoczi/cubesat/Bck_4.10.6/build/CMakeFiles/CMakeTmp'
=======
Run Build Command:"/usr/bin/make" "cmTC_1eee9/fast"
/usr/bin/make -f CMakeFiles/cmTC_1eee9.dir/build.make CMakeFiles/cmTC_1eee9.dir/build
>>>>>>> b5f746b2c035719c9829dba341c0b9f80a0470c2
make[1]: Entering directory '/home/galgoczi/cubesat/szimulacio/Bck_4.10.6/build/CMakeFiles/CMakeTmp'
Building C object CMakeFiles/cmTC_608a4.dir/CheckFunctionExists.c.o
/usr/bin/cc   -DCHECK_FUNCTION_EXISTS=XOpenDisplay   -o CMakeFiles/cmTC_608a4.dir/CheckFunctionExists.c.o   -c /usr/share/cmake-3.10/Modules/CheckFunctionExists.c
Linking C executable cmTC_608a4
/usr/bin/cmake -E cmake_link_script CMakeFiles/cmTC_608a4.dir/link.txt --verbose=1
/usr/bin/cc  -DCHECK_FUNCTION_EXISTS=XOpenDisplay    CMakeFiles/cmTC_608a4.dir/CheckFunctionExists.c.o  -o cmTC_608a4 /usr/lib/x86_64-linux-gnu/libX11.so /usr/lib/x86_64-linux-gnu/libXext.so 
make[1]: Leaving directory '/home/galgoczi/cubesat/szimulacio/Bck_4.10.6/build/CMakeFiles/CMakeTmp'
>>>>>>> 45e1acd2736c028c298f8e5d211c6d237e640bf0


Determining if the function gethostbyname exists passed with the following output:
Change Dir: /home/galgoczi/cubesat/szimulacio/Bck_4.10.6/build/CMakeFiles/CMakeTmp

<<<<<<< HEAD
Run Build Command:"/usr/bin/make" "cmTC_b9a83/fast"
/usr/bin/make -f CMakeFiles/cmTC_b9a83.dir/build.make CMakeFiles/cmTC_b9a83.dir/build
=======
<<<<<<< HEAD
Run Build Command:"/usr/bin/make" "cmTC_34982/fast"
/usr/bin/make -f CMakeFiles/cmTC_34982.dir/build.make CMakeFiles/cmTC_34982.dir/build
make[1]: Entering directory '/home/galgoczi/cubesat/Bck_4.10.6/build/CMakeFiles/CMakeTmp'
Building C object CMakeFiles/cmTC_34982.dir/CheckFunctionExists.c.o
/usr/bin/cc   -DCHECK_FUNCTION_EXISTS=gethostbyname   -o CMakeFiles/cmTC_34982.dir/CheckFunctionExists.c.o   -c /usr/share/cmake-3.10/Modules/CheckFunctionExists.c
Linking C executable cmTC_34982
/usr/bin/cmake -E cmake_link_script CMakeFiles/cmTC_34982.dir/link.txt --verbose=1
/usr/bin/cc  -DCHECK_FUNCTION_EXISTS=gethostbyname    CMakeFiles/cmTC_34982.dir/CheckFunctionExists.c.o  -o cmTC_34982 
make[1]: Leaving directory '/home/galgoczi/cubesat/Bck_4.10.6/build/CMakeFiles/CMakeTmp'
=======
Run Build Command:"/usr/bin/make" "cmTC_90714/fast"
/usr/bin/make -f CMakeFiles/cmTC_90714.dir/build.make CMakeFiles/cmTC_90714.dir/build
>>>>>>> b5f746b2c035719c9829dba341c0b9f80a0470c2
make[1]: Entering directory '/home/galgoczi/cubesat/szimulacio/Bck_4.10.6/build/CMakeFiles/CMakeTmp'
Building C object CMakeFiles/cmTC_b9a83.dir/CheckFunctionExists.c.o
/usr/bin/cc   -DCHECK_FUNCTION_EXISTS=gethostbyname   -o CMakeFiles/cmTC_b9a83.dir/CheckFunctionExists.c.o   -c /usr/share/cmake-3.10/Modules/CheckFunctionExists.c
Linking C executable cmTC_b9a83
/usr/bin/cmake -E cmake_link_script CMakeFiles/cmTC_b9a83.dir/link.txt --verbose=1
/usr/bin/cc  -DCHECK_FUNCTION_EXISTS=gethostbyname    CMakeFiles/cmTC_b9a83.dir/CheckFunctionExists.c.o  -o cmTC_b9a83 
make[1]: Leaving directory '/home/galgoczi/cubesat/szimulacio/Bck_4.10.6/build/CMakeFiles/CMakeTmp'
>>>>>>> 45e1acd2736c028c298f8e5d211c6d237e640bf0


Determining if the function connect exists passed with the following output:
Change Dir: /home/galgoczi/cubesat/szimulacio/Bck_4.10.6/build/CMakeFiles/CMakeTmp

<<<<<<< HEAD
Run Build Command:"/usr/bin/make" "cmTC_e1798/fast"
/usr/bin/make -f CMakeFiles/cmTC_e1798.dir/build.make CMakeFiles/cmTC_e1798.dir/build
=======
<<<<<<< HEAD
Run Build Command:"/usr/bin/make" "cmTC_ec9a8/fast"
/usr/bin/make -f CMakeFiles/cmTC_ec9a8.dir/build.make CMakeFiles/cmTC_ec9a8.dir/build
make[1]: Entering directory '/home/galgoczi/cubesat/Bck_4.10.6/build/CMakeFiles/CMakeTmp'
Building C object CMakeFiles/cmTC_ec9a8.dir/CheckFunctionExists.c.o
/usr/bin/cc   -DCHECK_FUNCTION_EXISTS=connect   -o CMakeFiles/cmTC_ec9a8.dir/CheckFunctionExists.c.o   -c /usr/share/cmake-3.10/Modules/CheckFunctionExists.c
Linking C executable cmTC_ec9a8
/usr/bin/cmake -E cmake_link_script CMakeFiles/cmTC_ec9a8.dir/link.txt --verbose=1
/usr/bin/cc  -DCHECK_FUNCTION_EXISTS=connect    CMakeFiles/cmTC_ec9a8.dir/CheckFunctionExists.c.o  -o cmTC_ec9a8 
make[1]: Leaving directory '/home/galgoczi/cubesat/Bck_4.10.6/build/CMakeFiles/CMakeTmp'
=======
Run Build Command:"/usr/bin/make" "cmTC_d99f4/fast"
/usr/bin/make -f CMakeFiles/cmTC_d99f4.dir/build.make CMakeFiles/cmTC_d99f4.dir/build
>>>>>>> b5f746b2c035719c9829dba341c0b9f80a0470c2
make[1]: Entering directory '/home/galgoczi/cubesat/szimulacio/Bck_4.10.6/build/CMakeFiles/CMakeTmp'
Building C object CMakeFiles/cmTC_e1798.dir/CheckFunctionExists.c.o
/usr/bin/cc   -DCHECK_FUNCTION_EXISTS=connect   -o CMakeFiles/cmTC_e1798.dir/CheckFunctionExists.c.o   -c /usr/share/cmake-3.10/Modules/CheckFunctionExists.c
Linking C executable cmTC_e1798
/usr/bin/cmake -E cmake_link_script CMakeFiles/cmTC_e1798.dir/link.txt --verbose=1
/usr/bin/cc  -DCHECK_FUNCTION_EXISTS=connect    CMakeFiles/cmTC_e1798.dir/CheckFunctionExists.c.o  -o cmTC_e1798 
make[1]: Leaving directory '/home/galgoczi/cubesat/szimulacio/Bck_4.10.6/build/CMakeFiles/CMakeTmp'
>>>>>>> 45e1acd2736c028c298f8e5d211c6d237e640bf0


Determining if the function remove exists passed with the following output:
Change Dir: /home/galgoczi/cubesat/szimulacio/Bck_4.10.6/build/CMakeFiles/CMakeTmp

<<<<<<< HEAD
Run Build Command:"/usr/bin/make" "cmTC_66a73/fast"
/usr/bin/make -f CMakeFiles/cmTC_66a73.dir/build.make CMakeFiles/cmTC_66a73.dir/build
=======
<<<<<<< HEAD
Run Build Command:"/usr/bin/make" "cmTC_1a192/fast"
/usr/bin/make -f CMakeFiles/cmTC_1a192.dir/build.make CMakeFiles/cmTC_1a192.dir/build
make[1]: Entering directory '/home/galgoczi/cubesat/Bck_4.10.6/build/CMakeFiles/CMakeTmp'
Building C object CMakeFiles/cmTC_1a192.dir/CheckFunctionExists.c.o
/usr/bin/cc   -DCHECK_FUNCTION_EXISTS=remove   -o CMakeFiles/cmTC_1a192.dir/CheckFunctionExists.c.o   -c /usr/share/cmake-3.10/Modules/CheckFunctionExists.c
Linking C executable cmTC_1a192
/usr/bin/cmake -E cmake_link_script CMakeFiles/cmTC_1a192.dir/link.txt --verbose=1
/usr/bin/cc  -DCHECK_FUNCTION_EXISTS=remove    CMakeFiles/cmTC_1a192.dir/CheckFunctionExists.c.o  -o cmTC_1a192 
make[1]: Leaving directory '/home/galgoczi/cubesat/Bck_4.10.6/build/CMakeFiles/CMakeTmp'
=======
Run Build Command:"/usr/bin/make" "cmTC_c90d3/fast"
/usr/bin/make -f CMakeFiles/cmTC_c90d3.dir/build.make CMakeFiles/cmTC_c90d3.dir/build
>>>>>>> b5f746b2c035719c9829dba341c0b9f80a0470c2
make[1]: Entering directory '/home/galgoczi/cubesat/szimulacio/Bck_4.10.6/build/CMakeFiles/CMakeTmp'
Building C object CMakeFiles/cmTC_66a73.dir/CheckFunctionExists.c.o
/usr/bin/cc   -DCHECK_FUNCTION_EXISTS=remove   -o CMakeFiles/cmTC_66a73.dir/CheckFunctionExists.c.o   -c /usr/share/cmake-3.10/Modules/CheckFunctionExists.c
Linking C executable cmTC_66a73
/usr/bin/cmake -E cmake_link_script CMakeFiles/cmTC_66a73.dir/link.txt --verbose=1
/usr/bin/cc  -DCHECK_FUNCTION_EXISTS=remove    CMakeFiles/cmTC_66a73.dir/CheckFunctionExists.c.o  -o cmTC_66a73 
make[1]: Leaving directory '/home/galgoczi/cubesat/szimulacio/Bck_4.10.6/build/CMakeFiles/CMakeTmp'
>>>>>>> 45e1acd2736c028c298f8e5d211c6d237e640bf0


Determining if the function shmat exists passed with the following output:
Change Dir: /home/galgoczi/cubesat/szimulacio/Bck_4.10.6/build/CMakeFiles/CMakeTmp

<<<<<<< HEAD
Run Build Command:"/usr/bin/make" "cmTC_75549/fast"
/usr/bin/make -f CMakeFiles/cmTC_75549.dir/build.make CMakeFiles/cmTC_75549.dir/build
=======
<<<<<<< HEAD
Run Build Command:"/usr/bin/make" "cmTC_bc04c/fast"
/usr/bin/make -f CMakeFiles/cmTC_bc04c.dir/build.make CMakeFiles/cmTC_bc04c.dir/build
make[1]: Entering directory '/home/galgoczi/cubesat/Bck_4.10.6/build/CMakeFiles/CMakeTmp'
Building C object CMakeFiles/cmTC_bc04c.dir/CheckFunctionExists.c.o
/usr/bin/cc   -DCHECK_FUNCTION_EXISTS=shmat   -o CMakeFiles/cmTC_bc04c.dir/CheckFunctionExists.c.o   -c /usr/share/cmake-3.10/Modules/CheckFunctionExists.c
Linking C executable cmTC_bc04c
/usr/bin/cmake -E cmake_link_script CMakeFiles/cmTC_bc04c.dir/link.txt --verbose=1
/usr/bin/cc  -DCHECK_FUNCTION_EXISTS=shmat    CMakeFiles/cmTC_bc04c.dir/CheckFunctionExists.c.o  -o cmTC_bc04c 
make[1]: Leaving directory '/home/galgoczi/cubesat/Bck_4.10.6/build/CMakeFiles/CMakeTmp'


Determining if the function IceConnectionNumber exists in the ICE passed with the following output:
Change Dir: /home/galgoczi/cubesat/Bck_4.10.6/build/CMakeFiles/CMakeTmp

Run Build Command:"/usr/bin/make" "cmTC_659c9/fast"
/usr/bin/make -f CMakeFiles/cmTC_659c9.dir/build.make CMakeFiles/cmTC_659c9.dir/build
make[1]: Entering directory '/home/galgoczi/cubesat/Bck_4.10.6/build/CMakeFiles/CMakeTmp'
Building C object CMakeFiles/cmTC_659c9.dir/CheckFunctionExists.c.o
/usr/bin/cc   -DCHECK_FUNCTION_EXISTS=IceConnectionNumber   -o CMakeFiles/cmTC_659c9.dir/CheckFunctionExists.c.o   -c /usr/share/cmake-3.10/Modules/CheckFunctionExists.c
Linking C executable cmTC_659c9
/usr/bin/cmake -E cmake_link_script CMakeFiles/cmTC_659c9.dir/link.txt --verbose=1
/usr/bin/cc  -DCHECK_FUNCTION_EXISTS=IceConnectionNumber    CMakeFiles/cmTC_659c9.dir/CheckFunctionExists.c.o  -o cmTC_659c9 -lICE 
make[1]: Leaving directory '/home/galgoczi/cubesat/Bck_4.10.6/build/CMakeFiles/CMakeTmp'
=======
Run Build Command:"/usr/bin/make" "cmTC_cf223/fast"
/usr/bin/make -f CMakeFiles/cmTC_cf223.dir/build.make CMakeFiles/cmTC_cf223.dir/build
>>>>>>> b5f746b2c035719c9829dba341c0b9f80a0470c2
make[1]: Entering directory '/home/galgoczi/cubesat/szimulacio/Bck_4.10.6/build/CMakeFiles/CMakeTmp'
Building C object CMakeFiles/cmTC_75549.dir/CheckFunctionExists.c.o
/usr/bin/cc   -DCHECK_FUNCTION_EXISTS=shmat   -o CMakeFiles/cmTC_75549.dir/CheckFunctionExists.c.o   -c /usr/share/cmake-3.10/Modules/CheckFunctionExists.c
Linking C executable cmTC_75549
/usr/bin/cmake -E cmake_link_script CMakeFiles/cmTC_75549.dir/link.txt --verbose=1
/usr/bin/cc  -DCHECK_FUNCTION_EXISTS=shmat    CMakeFiles/cmTC_75549.dir/CheckFunctionExists.c.o  -o cmTC_75549 
make[1]: Leaving directory '/home/galgoczi/cubesat/szimulacio/Bck_4.10.6/build/CMakeFiles/CMakeTmp'


Determining if the function IceConnectionNumber exists in the ICE passed with the following output:
Change Dir: /home/galgoczi/cubesat/szimulacio/Bck_4.10.6/build/CMakeFiles/CMakeTmp

Run Build Command:"/usr/bin/make" "cmTC_0b466/fast"
/usr/bin/make -f CMakeFiles/cmTC_0b466.dir/build.make CMakeFiles/cmTC_0b466.dir/build
make[1]: Entering directory '/home/galgoczi/cubesat/szimulacio/Bck_4.10.6/build/CMakeFiles/CMakeTmp'
Building C object CMakeFiles/cmTC_0b466.dir/CheckFunctionExists.c.o
/usr/bin/cc   -DCHECK_FUNCTION_EXISTS=IceConnectionNumber   -o CMakeFiles/cmTC_0b466.dir/CheckFunctionExists.c.o   -c /usr/share/cmake-3.10/Modules/CheckFunctionExists.c
Linking C executable cmTC_0b466
/usr/bin/cmake -E cmake_link_script CMakeFiles/cmTC_0b466.dir/link.txt --verbose=1
/usr/bin/cc  -DCHECK_FUNCTION_EXISTS=IceConnectionNumber    CMakeFiles/cmTC_0b466.dir/CheckFunctionExists.c.o  -o cmTC_0b466 -lICE 
make[1]: Leaving directory '/home/galgoczi/cubesat/szimulacio/Bck_4.10.6/build/CMakeFiles/CMakeTmp'
>>>>>>> 45e1acd2736c028c298f8e5d211c6d237e640bf0


