\BOOKMARK [1][-]{section.1}{Introduction}{}% 1
\BOOKMARK [2][-]{subsection.1.1}{Use of This Document}{section.1}% 2
\BOOKMARK [2][-]{subsection.1.2}{English}{section.1}% 3
\BOOKMARK [2][-]{subsection.1.3}{Page Setup and Fonts}{section.1}% 4
\BOOKMARK [1][-]{section.2}{Parts of Manuscript}{}% 5
\BOOKMARK [2][-]{subsection.2.1}{Title and Author Information}{section.2}% 6
\BOOKMARK [2][-]{subsection.2.2}{Abstract}{section.2}% 7
\BOOKMARK [2][-]{subsection.2.3}{Keywords}{section.2}% 8
\BOOKMARK [2][-]{subsection.2.4}{Body of Paper}{section.2}% 9
\BOOKMARK [2][-]{subsection.2.5}{Footnotes}{section.2}% 10
\BOOKMARK [2][-]{subsection.2.6}{Appendices}{section.2}% 11
\BOOKMARK [2][-]{subsection.2.7}{Disclosures}{section.2}% 12
\BOOKMARK [2][-]{subsection.2.8}{Acknowledgments}{section.2}% 13
\BOOKMARK [2][-]{subsection.2.9}{References}{section.2}% 14
\BOOKMARK [3][-]{subsubsection.2.9.1}{Reference linking and DOIs}{subsection.2.9}% 15
\BOOKMARK [2][-]{subsection.2.10}{Biographies}{section.2}% 16
\BOOKMARK [1][-]{section.3}{Section Formatting}{}% 17
\BOOKMARK [2][-]{subsection.3.1}{Subsection Headings}{section.3}% 18
\BOOKMARK [3][-]{subsubsection.3.1.1}{Sub-subsection headings}{subsection.3.1}% 19
\BOOKMARK [1][-]{section.4}{Figures and Tables}{}% 20
\BOOKMARK [2][-]{subsection.4.1}{Figures}{section.4}% 21
\BOOKMARK [2][-]{subsection.4.2}{Tables}{section.4}% 22
\BOOKMARK [2][-]{subsection.4.3}{Multimedia}{section.4}% 23
\BOOKMARK [1][-]{section.1}{Miscellaneous Formatting Details}{}% 24
\BOOKMARK [2][-]{subsection.1.1}{Formatting Equations}{section.1}% 25
\BOOKMARK [2][-]{subsection.1.2}{Formatting Theorems}{section.1}% 26
