
*************************************************************
 Geant4 version Name: geant4-10-00-patch-03    (31-October-2014)
                      Copyright : Geant4 Collaboration
                      Reference : NIM A 506 (2003), 250-303
                            WWW : http://cern.ch/geant4
*************************************************************

-3.33333e-07
ProtonEnergyMin sum was 12076.5
ProtonEnergyMax sum was 13535.1
ElectronEnergyMin sum was 1.19384e+06
ElectronEnergyMax sum was 2.69537e+06
0.04 65342 565610 0.473775 
0.1 37249 370850 0.784412 
0.2 16393 139700 0.90143 
0.3 9309.2 51326 0.944422 
0.4 6128.2 25914 0.966129 
0.5 4126.4 14770 0.978501 
0.6 3174.3 8322.1 0.985472 
0.7 2462 6017.1 0.990512 
0.8 1970.9 4325.9 0.994135 
1 1339.7 2627 0.996336 
1.25 848.21 1597.4 0.997674 
1.5 541.01 980.12 0.998495 
1.75 358.15 605.44 0.999002 
2 238.29 396.43 0.999334 
2.25 159.93 260.77 0.999552 
2.5 107.9 179.23 0.999703 
2.75 70.315 122.5 0.999805 
3 46.649 79.175 0.999872 
3.25 30.727 52.211 0.999915 
3.5 20.543 35.668 0.999945 
3.75 12.893 24.691 0.999966 
4 8.1975 16.313 0.999979 
4.25 4.7365 10.875 0.999989 
4.5 2.7598 6.4686 0.999994 
4.75 1.5022 3.8873 0.999997 
5 0.8162 2.2588 0.999999 
5.5 0.1721 0.79668 1 
6 0.01952 0.1721 1 
6.5 0 0.01952 1 
7 0 0 1 
Visualization Manager instantiating with verbosity "warnings (3)"...
Visualization Manager initialising...
Registering graphics systems...

You have successfully registered the following graphics systems.
Current available graphics systems are:
  ASCIITree (ATree)
  DAWNFILE (DAWNFILE)
  G4HepRep (HepRepXML)
  G4HepRepFile (HepRepFile)
  OpenGLImmediateQt (OGLI, OGLIQt)
  OpenGLImmediateX (OGLIX)
  OpenGLImmediateXm (OGLIXm, OGLI_FALLBACK, OGLIQt_FALLBACK)
  OpenGLStoredQt (OGL, OGLS, OGLSQt)
  OpenGLStoredX (OGLSX)
  OpenGLStoredXm (OGLSXm, OGL_FALLBACK, OGLS_FALLBACK, OGLSQt_FALLBACK)
  RayTracer (RayTracer)
  RayTracerX (RayTracerX)
  VRML1FILE (VRML1FILE)
  VRML2FILE (VRML2FILE)
  gMocrenFile (gMocrenFile)

Registering model factories...

You have successfully registered the following model factories.
Registered model factories:
  generic
  drawByCharge
  drawByParticleID
  drawByOriginVolume
  drawByAttribute

Registered filter factories:
  chargeFilter
  particleFilter
  originVolumeFilter
  attributeFilter

You have successfully registered the following user vis actions.
Run Duration User Vis Actions: none
End of Event User Vis Actions: none
End of Run User Vis Actions: none

Some /vis commands (optionally) take a string to specify colour.
Available colours:
  black, blue, brown, cyan, gray, green, grey, magenta, red, white, yellow

G4Material::AddMaterial WARNING !! for AUX_mat sum of fractional masses 0.625 is not 1 - results may be wrong
G4Material WARNING: duplicate name of material ANT_mat
G4Material WARNING: duplicate name of material Aerogel
G4Material WARNING: duplicate name of material EPS_mat
G4Material WARNING: duplicate name of material OBC_mat
G4Material WARNING: duplicate name of material STRU_mat
G4Material WARNING: duplicate name of material SP_mat
G4Material WARNING: duplicate name of material Payload_mat
Construction /LXeDet/pmtSD
Construction /LXeDet/scintSD

-------- EEEE ------- G4Exception-START -------- EEEE -------
*** G4Exception : em0006
      issued by : G4SeltzerBergerModel::ReadData()
Environment variable G4LEDATA not defined
*** Fatal Exception *** core dump ***
-------- EEEE -------- G4Exception-END --------- EEEE -------


*** G4Exception: Aborting execution ***
../macs/1.sh: line 1: 18417 Aborted                 (core dumped) ./LXe ../macs/1.mac
mv: cannot stat 'scint.txt': No such file or directory
